0.000130
initial_edges	6960
__spec__	112
defaultdict	1000
CongestionGame	1056
Graph	1056
gamma	1680
FigureCanvasAgg	1056
agents	90192
agents_dict	281504
agents_list	225832
Environment	1184
0.870874
end	8
initial	8
graph	14792
shortest_paths	3112
visited	744
destinations	96
next_destinations	1352
path	1043560
__spec__	112
defaultdict	1000
CongestionGame	1056
Graph	1056
gamma	1680
FigureCanvasAgg	1056
agents	90192
agents_dict	281504
agents_list	225832
Environment	1184
1.769088
end	8
initial	8
graph	14792
shortest_paths	3112
visited	744
destinations	96
next_destinations	1352
path	2115952
__spec__	112
defaultdict	1000
CongestionGame	1056
Graph	1056
gamma	1680
FigureCanvasAgg	1056
agents	90192
agents_dict	281504
agents_list	225832
Environment	1184
2.662639
end	8
initial	8
graph	14792
shortest_paths	3112
visited	744
destinations	96
next_destinations	1352
path	3012904
__spec__	112
defaultdict	1000
CongestionGame	1056
Graph	1056
gamma	1680
FigureCanvasAgg	1056
agents	90192
agents_dict	281504
agents_list	225832
Environment	1184
3.567240
end	8
initial	8
graph	14792
shortest_paths	3112
visited	744
destinations	96
next_destinations	1352
path	4290016
__spec__	112
defaultdict	1000
CongestionGame	1056
Graph	1056
gamma	1680
FigureCanvasAgg	1056
agents	90192
agents_dict	281504
agents_list	225832
Environment	1184
4.504481
end	8
initial	8
graph	14792
shortest_paths	3112
visited	744
destinations	96
next_destinations	1352
path	5429648
__spec__	112
defaultdict	1000
CongestionGame	1056
Graph	1056
gamma	1680
FigureCanvasAgg	1056
agents	90192
agents_dict	281504
agents_list	225832
Environment	1184
5.445807
end	8
initial	8
graph	14792
shortest_paths	3112
visited	744
destinations	96
next_destinations	1352
path	6108400
__spec__	112
defaultdict	1000
CongestionGame	1056
Graph	1056
gamma	1680
FigureCanvasAgg	1056
agents	90192
agents_dict	281504
agents_list	225832
Environment	1184
6.404745
end	8
initial	8
graph	14792
shortest_paths	3112
visited	744
destinations	96
next_destinations	1352
path	7731040
__spec__	112
defaultdict	1000
CongestionGame	1056
Graph	1056
gamma	1680
FigureCanvasAgg	1056
agents	90192
agents_dict	281504
agents_list	225832
Environment	1184
7.424729
end	8
initial	8
graph	14792
shortest_paths	3112
visited	744
destinations	96
next_destinations	1352
path	8697464
__spec__	112
defaultdict	1000
CongestionGame	1056
Graph	1056
gamma	1680
FigureCanvasAgg	1056
agents	90192
agents_dict	281504
agents_list	225832
Environment	1184
8.502016
end	8
initial	8
graph	14792
shortest_paths	3112
visited	744
destinations	96
next_destinations	1352
path	9784696
__spec__	112
defaultdict	1000
CongestionGame	1056
Graph	1056
gamma	1680
FigureCanvasAgg	1056
agents	90192
agents_dict	281504
agents_list	225832
Environment	1184
9.552214
end	8
initial	8
graph	14792
shortest_paths	3112
visited	744
destinations	96
next_destinations	1352
path	11007832
__spec__	112
defaultdict	1000
CongestionGame	1056
Graph	1056
gamma	1680
FigureCanvasAgg	1056
agents	90192
agents_dict	281504
agents_list	225832
Environment	1184
10.594566
end	8
initial	8
graph	14792
shortest_paths	3112
visited	744
destinations	96
next_destinations	1352
path	11007832
__spec__	112
defaultdict	1000
CongestionGame	1056
Graph	1056
gamma	1680
FigureCanvasAgg	1056
agents	90192
agents_dict	281504
agents_list	225832
Environment	1184
11.653832
end	8
initial	8
graph	14792
shortest_paths	3112
visited	744
destinations	96
next_destinations	1352
path	12383856
__spec__	112
defaultdict	1000
CongestionGame	1056
Graph	1056
gamma	1680
FigureCanvasAgg	1056
agents	90192
agents_dict	281504
agents_list	225832
Environment	1184
12.761934
end	8
initial	8
graph	14792
shortest_paths	3112
visited	744
destinations	96
next_destinations	1352
path	13931880
__spec__	112
defaultdict	1000
CongestionGame	1056
Graph	1056
gamma	1680
FigureCanvasAgg	1056
agents	90192
agents_dict	281504
agents_list	225832
Environment	1184
13.835212
end	8
initial	8
graph	14792
shortest_paths	3112
visited	744
destinations	96
next_destinations	1352
path	15673408
__spec__	112
defaultdict	1000
CongestionGame	1056
Graph	1056
gamma	1680
FigureCanvasAgg	1056
agents	90192
agents_dict	281504
agents_list	225832
Environment	1184
14.896231
end	8
initial	8
graph	14792
shortest_paths	3112
visited	744
destinations	96
next_destinations	1352
path	15673408
__spec__	112
defaultdict	1000
CongestionGame	1056
Graph	1056
gamma	1680
FigureCanvasAgg	1056
agents	90192
agents_dict	281504
agents_list	225832
Environment	1184
15.957540
end	8
initial	8
graph	14792
shortest_paths	3112
visited	744
destinations	96
next_destinations	1352
path	17632632
__spec__	112
defaultdict	1000
CongestionGame	1056
Graph	1056
gamma	1680
FigureCanvasAgg	1056
agents	90192
agents_dict	281504
agents_list	225832
Environment	1184
17.061515
end	8
initial	8
graph	14792
shortest_paths	3112
visited	744
destinations	96
next_destinations	1352
path	17632632
__spec__	112
defaultdict	1000
CongestionGame	1056
Graph	1056
gamma	1680
FigureCanvasAgg	1056
agents	90192
agents_dict	281504
agents_list	225832
Environment	1184
18.173671
end	8
initial	8
graph	14792
shortest_paths	3112
visited	744
destinations	96
next_destinations	1352
path	19836760
__spec__	112
defaultdict	1000
CongestionGame	1056
Graph	1056
gamma	1680
FigureCanvasAgg	1056
agents	90192
agents_dict	281504
agents_list	225832
Environment	1184
19.252634
end	8
initial	8
graph	14792
shortest_paths	3112
visited	744
destinations	96
next_destinations	1352
path	19836760
__spec__	112
defaultdict	1000
CongestionGame	1056
Graph	1056
gamma	1680
FigureCanvasAgg	1056
agents	90192
agents_dict	281504
agents_list	225832
Environment	1184
20.355475
end	8
initial	8
graph	14792
shortest_paths	3112
visited	744
destinations	96
next_destinations	1352
path	22316400
__spec__	112
defaultdict	1000
CongestionGame	1056
Graph	1056
gamma	1680
FigureCanvasAgg	1056
agents	90192
agents_dict	281504
agents_list	225832
Environment	1184
21.467201
end	8
initial	8
graph	14792
shortest_paths	3112
visited	744
destinations	96
next_destinations	1352
path	22316400
__spec__	112
defaultdict	1000
CongestionGame	1056
Graph	1056
gamma	1680
FigureCanvasAgg	1056
agents	90192
agents_dict	281504
agents_list	225832
Environment	1184
22.607617
end	8
initial	8
graph	14792
shortest_paths	3112
visited	744
destinations	96
next_destinations	1352
path	22316400
__spec__	112
defaultdict	1000
CongestionGame	1056
Graph	1056
gamma	1680
FigureCanvasAgg	1056
agents	90192
agents_dict	281504
agents_list	225832
Environment	1184
23.724553
end	8
initial	8
graph	14792
shortest_paths	3112
visited	744
destinations	96
next_destinations	1352
path	25105992
__spec__	112
defaultdict	1000
CongestionGame	1056
Graph	1056
gamma	1680
FigureCanvasAgg	1056
agents	90192
agents_dict	281504
agents_list	225832
Environment	1184
24.880165
end	8
initial	8
graph	14792
shortest_paths	3112
visited	744
destinations	96
next_destinations	1352
path	25105992
__spec__	112
defaultdict	1000
CongestionGame	1056
Graph	1056
gamma	1680
FigureCanvasAgg	1056
agents	90192
agents_dict	281504
agents_list	225832
Environment	1184
26.011722
end	8
initial	8
graph	14792
shortest_paths	3112
visited	744
destinations	96
next_destinations	1352
path	25105992
__spec__	112
defaultdict	1000
CongestionGame	1056
Graph	1056
gamma	1680
FigureCanvasAgg	1056
agents	90192
agents_dict	281504
agents_list	225832
Environment	1184
27.231490
end	8
initial	8
graph	14792
shortest_paths	3112
visited	744
destinations	96
next_destinations	1352
path	28244288
__spec__	112
defaultdict	1000
CongestionGame	1056
Graph	1056
gamma	1680
FigureCanvasAgg	1056
agents	90192
agents_dict	281504
agents_list	225832
Environment	1184
28.456995
end	8
initial	8
graph	14792
shortest_paths	3112
visited	744
destinations	96
next_destinations	1352
path	28244288
__spec__	112
defaultdict	1000
CongestionGame	1056
Graph	1056
gamma	1680
FigureCanvasAgg	1056
agents	90192
agents_dict	281504
agents_list	225832
Environment	1184
29.640404
end	8
initial	8
graph	14792
shortest_paths	3112
visited	744
destinations	96
next_destinations	1352
path	28244288
__spec__	112
defaultdict	1000
CongestionGame	1056
Graph	1056
gamma	1680
FigureCanvasAgg	1056
agents	90192
agents_dict	281504
agents_list	225832
Environment	1184
30.832086
end	8
initial	8
graph	14792
shortest_paths	3112
visited	744
destinations	96
0.000130
initial_edges	6960
__spec__	112
defaultdict	1000
CongestionGame	1056
Graph	1056
gamma	1680
FigureCanvasAgg	1056
agents	90192
agents_dict	281504
agents_list	225832
Environment	1184
0.873492
end	8
initial	8
graph	14792
shortest_paths	3112
visited	744
destinations	96
next_destinations	1352
path	1043560
__spec__	112
defaultdict	1000
CongestionGame	1056
Graph	1056
gamma	1680
FigureCanvasAgg	1056
agents	90192
agents_dict	281504
agents_list	225832
Environment	1184
1.753183
end	8
initial	8
graph	14792
shortest_paths	3112
visited	744
destinations	96
next_destinations	1352
path	2115952
__spec__	112
defaultdict	1000
CongestionGame	1056
Graph	1056
gamma	1680
FigureCanvasAgg	1056
agents	90192
agents_dict	281504
agents_list	225832
Environment	1184
2.647051
end	8
initial	8
graph	14792
shortest_paths	3112
visited	744
destinations	96
next_destinations	1352
path	3012904
__spec__	112
defaultdict	1000
CongestionGame	1056
Graph	1056
gamma	1680
FigureCanvasAgg	1056
agents	90192
agents_dict	281504
agents_list	225832
Environment	1184
3.558774
end	8
initial	8
graph	14792
shortest_paths	3112
visited	744
destinations	96
next_destinations	1352
path	4290016
__spec__	112
defaultdict	1000
CongestionGame	1056
Graph	1056
gamma	1680
FigureCanvasAgg	1056
agents	90192
agents_dict	281504
agents_list	225832
Environment	1184
4.497356
end	8
initial	8
graph	14792
shortest_paths	3112
visited	744
destinations	96
next_destinations	1352
path	5429648
__spec__	112
defaultdict	1000
CongestionGame	1056
Graph	1056
gamma	1680
FigureCanvasAgg	1056
agents	90192
agents_dict	281504
agents_list	225832
Environment	1184
5.441772
end	8
initial	8
graph	14792
shortest_paths	3112
visited	744
destinations	96
next_destinations	1352
path	6108400
__spec__	112
defaultdict	1000
CongestionGame	1056
Graph	1056
gamma	1680
FigureCanvasAgg	1056
agents	90192
agents_dict	281504
agents_list	225832
Environment	1184
6.399625
end	8
initial	8
graph	14792
shortest_paths	3112
visited	744
destinations	96
next_destinations	1352
path	7731040
__spec__	112
defaultdict	1000
CongestionGame	1056
Graph	1056
gamma	1680
FigureCanvasAgg	1056
agents	90192
agents_dict	281504
agents_list	225832
Environment	1184
7.421215
end	8
initial	8
graph	14792
shortest_paths	3112
visited	744
destinations	96
next_destinations	1352
path	8697464
__spec__	112
defaultdict	1000
CongestionGame	1056
Graph	1056
gamma	1680
FigureCanvasAgg	1056
agents	90192
agents_dict	281504
agents_list	225832
Environment	1184
8.485478
end	8
initial	8
graph	14792
shortest_paths	3112
visited	744
destinations	96
next_destinations	1352
path	9784696
__spec__	112
defaultdict	1000
CongestionGame	1056
Graph	1056
gamma	1680
FigureCanvasAgg	1056
agents	90192
agents_dict	281504
agents_list	225832
Environment	1184
9.524185
end	8
initial	8
graph	14792
shortest_paths	3112
visited	744
destinations	96
next_destinations	1352
path	11007832
__spec__	112
defaultdict	1000
CongestionGame	1056
Graph	1056
gamma	1680
FigureCanvasAgg	1056
agents	90192
agents_dict	281504
agents_list	225832
Environment	1184
10.560226
end	8
initial	8
graph	14792
shortest_paths	3112
visited	744
destinations	96
next_destinations	1352
path	11007832
__spec__	112
defaultdict	1000
CongestionGame	1056
Graph	1056
gamma	1680
FigureCanvasAgg	1056
agents	90192
agents_dict	281504
agents_list	225832
Environment	1184
11.595531
end	8
initial	8
graph	14792
shortest_paths	3112
visited	744
destinations	96
next_destinations	1352
path	12383856
__spec__	112
defaultdict	1000
CongestionGame	1056
Graph	1056
gamma	1680
FigureCanvasAgg	1056
agents	90192
agents_dict	281504
agents_list	225832
Environment	1184
12.698137
end	8
initial	8
graph	14792
shortest_paths	3112
visited	744
destinations	96
next_destinations	1352
path	13931880
__spec__	112
defaultdict	1000
CongestionGame	1056
Graph	1056
gamma	1680
FigureCanvasAgg	1056
agents	90192
agents_dict	281504
agents_list	225832
Environment	1184
13.779911
end	8
initial	8
graph	14792
shortest_paths	3112
visited	744
destinations	96
next_destinations	1352
path	15673408
__spec__	112
defaultdict	1000
CongestionGame	1056
Graph	1056
gamma	1680
FigureCanvasAgg	1056
agents	90192
agents_dict	281504
agents_list	225832
Environment	1184
14.889373
end	8
initial	8
graph	14792
shortest_paths	3112
visited	744
destinations	96
next_destinations	1352
path	15673408
__spec__	112
defaultdict	1000
CongestionGame	1056
Graph	1056
gamma	1680
FigureCanvasAgg	1056
agents	90192
agents_dict	281504
agents_list	225832
Environment	1184
15.954895
end	8
initial	8
graph	14792
shortest_paths	3112
visited	744
destinations	96
next_destinations	1352
path	17632632
__spec__	112
defaultdict	1000
CongestionGame	1056
Graph	1056
gamma	1680
FigureCanvasAgg	1056
agents	90192
agents_dict	281504
agents_list	225832
Environment	1184
17.065231
end	8
initial	8
graph	14792
shortest_paths	3112
visited	744
destinations	96
next_destinations	1352
path	17632632
__spec__	112
defaultdict	1000
CongestionGame	1056
Graph	1056
gamma	1680
FigureCanvasAgg	1056
agents	90192
agents_dict	281504
agents_list	225832
Environment	1184
18.193940
end	8
initial	8
graph	14792
shortest_paths	3112
visited	744
destinations	96
next_destinations	1352
path	19836760
__spec__	112
defaultdict	1000
CongestionGame	1056
Graph	1056
gamma	1680
FigureCanvasAgg	1056
agents	90192
agents_dict	281504
agents_list	225832
Environment	1184
19.285300
end	8
initial	8
graph	14792
shortest_paths	3112
visited	744
destinations	96
next_destinations	1352
path	19836760
__spec__	112
defaultdict	1000
CongestionGame	1056
Graph	1056
gamma	1680
FigureCanvasAgg	1056
agents	90192
agents_dict	281504
agents_list	225832
Environment	1184
20.383426
end	8
initial	8
graph	14792
shortest_paths	3112
visited	744
destinations	96
next_destinations	1352
path	22316400
__spec__	112
defaultdict	1000
CongestionGame	1056
Graph	1056
gamma	1680
FigureCanvasAgg	1056
agents	90192
agents_dict	281504
agents_list	225832
Environment	1184
21.505182
end	8
initial	8
graph	14792
shortest_paths	3112
visited	744
destinations	96
next_destinations	1352
path	22316400
__spec__	112
defaultdict	1000
CongestionGame	1056
Graph	1056
gamma	1680
FigureCanvasAgg	1056
agents	90192
agents_dict	281504
agents_list	225832
Environment	1184
22.662126
end	8
initial	8
graph	14792
shortest_paths	3112
visited	744
destinations	96
next_destinations	1352
path	22316400
__spec__	112
defaultdict	1000
CongestionGame	1056
Graph	1056
gamma	1680
FigureCanvasAgg	1056
agents	90192
agents_dict	281504
agents_list	225832
Environment	1184
23.797273
end	8
initial	8
graph	14792
shortest_paths	3112
visited	744
destinations	96
next_destinations	1352
path	25105992
__spec__	112
defaultdict	1000
CongestionGame	1056
Graph	1056
gamma	1680
FigureCanvasAgg	1056
agents	90192
agents_dict	281504
agents_list	225832
Environment	1184
24.947751
end	8
initial	8
graph	14792
shortest_paths	3112
visited	744
destinations	96
next_destinations	1352
path	25105992
__spec__	112
defaultdict	1000
CongestionGame	1056
Graph	1056
gamma	1680
FigureCanvasAgg	1056
agents	90192
agents_dict	281504
agents_list	225832
Environment	1184
26.099696
end	8
initial	8
graph	14792
shortest_paths	3112
visited	744
destinations	96
next_destinations	1352
path	25105992
__spec__	112
defaultdict	1000
CongestionGame	1056
Graph	1056
gamma	1680
FigureCanvasAgg	1056
agents	90192
agents_dict	281504
agents_list	225832
Environment	1184
27.322700
end	8
initial	8
graph	14792
shortest_paths	3112
visited	744
destinations	96
next_destinations	1352
path	28244288
__spec__	112
defaultdict	1000
CongestionGame	1056
Graph	1056
gamma	1680
FigureCanvasAgg	1056
agents	90192
agents_dict	281504
agents_list	225832
Environment	1184
28.501173
end	8
initial	8
graph	14792
shortest_paths	3112
visited	744
destinations	96
next_destinations	1352
path	28244288
__spec__	112
defaultdict	1000
CongestionGame	1056
Graph	1056
gamma	1680
FigureCanvasAgg	1056
agents	90192
agents_dict	281504
agents_list	225832
Environment	1184
29.668996
end	8
initial	8
graph	14792
shortest_paths	3112
visited	744
destinations	96
next_destinations	1352
path	28244288
__spec__	112
defaultdict	1000
CongestionGame	1056
Graph	1056
gamma	1680
FigureCanvasAgg	1056
agents	90192
agents_dict	281504
agents_list	225832
Environment	1184
30.846817
end	8
initial	8
graph	14792
shortest_paths	3112
visited	744
destinations	96
0.000130
initial_edges	6960
__spec__	112
defaultdict	1000
CongestionGame	1056
Graph	1056
gamma	1680
FigureCanvasAgg	1056
agents	90192
agents_dict	281504
agents_list	225832
Environment	1184
0.870866
end	8
initial	8
graph	14792
shortest_paths	3112
visited	744
destinations	96
next_destinations	1352
path	1043560
__spec__	112
defaultdict	1000
CongestionGame	1056
Graph	1056
gamma	1680
FigureCanvasAgg	1056
agents	90192
agents_dict	281504
agents_list	225832
Environment	1184
1.780775
end	8
initial	8
graph	14792
shortest_paths	3112
visited	744
destinations	96
next_destinations	1352
path	2115952
__spec__	112
defaultdict	1000
CongestionGame	1056
Graph	1056
gamma	1680
FigureCanvasAgg	1056
agents	90192
agents_dict	281504
agents_list	225832
Environment	1184
2.689117
end	8
initial	8
graph	14792
shortest_paths	3112
visited	744
destinations	96
next_destinations	1352
path	3012904
__spec__	112
defaultdict	1000
CongestionGame	1056
Graph	1056
gamma	1680
FigureCanvasAgg	1056
agents	90192
agents_dict	281504
agents_list	225832
Environment	1184
3.584726
end	8
initial	8
graph	14792
shortest_paths	3112
visited	744
destinations	96
next_destinations	1352
path	4290016
__spec__	112
defaultdict	1000
CongestionGame	1056
Graph	1056
gamma	1680
FigureCanvasAgg	1056
agents	90192
agents_dict	281504
agents_list	225832
Environment	1184
4.492930
end	8
initial	8
graph	14792
shortest_paths	3112
visited	744
destinations	96
next_destinations	1352
path	5429648
__spec__	112
defaultdict	1000
CongestionGame	1056
Graph	1056
gamma	1680
FigureCanvasAgg	1056
agents	90192
agents_dict	281504
agents_list	225832
Environment	1184
5.430895
end	8
initial	8
graph	14792
shortest_paths	3112
visited	744
destinations	96
next_destinations	1352
path	6108400
__spec__	112
defaultdict	1000
CongestionGame	1056
Graph	1056
gamma	1680
FigureCanvasAgg	1056
agents	90192
agents_dict	281504
agents_list	225832
Environment	1184
6.383408
end	8
initial	8
graph	14792
shortest_paths	3112
visited	744
destinations	96
next_destinations	1352
path	7731040
__spec__	112
defaultdict	1000
CongestionGame	1056
Graph	1056
gamma	1680
FigureCanvasAgg	1056
agents	90192
agents_dict	281504
agents_list	225832
Environment	1184
7.404918
end	8
initial	8
graph	14792
shortest_paths	3112
visited	744
destinations	96
next_destinations	1352
path	8697464
__spec__	112
defaultdict	1000
CongestionGame	1056
Graph	1056
gamma	1680
FigureCanvasAgg	1056
agents	90192
agents_dict	281504
agents_list	225832
Environment	1184
8.465214
end	8
initial	8
graph	14792
shortest_paths	3112
visited	744
destinations	96
next_destinations	1352
path	9784696
__spec__	112
defaultdict	1000
CongestionGame	1056
Graph	1056
gamma	1680
FigureCanvasAgg	1056
agents	90192
agents_dict	281504
agents_list	225832
Environment	1184
9.525634
end	8
initial	8
graph	14792
shortest_paths	3112
visited	744
destinations	96
next_destinations	1352
path	11007832
__spec__	112
defaultdict	1000
CongestionGame	1056
Graph	1056
gamma	1680
FigureCanvasAgg	1056
agents	90192
agents_dict	281504
agents_list	225832
Environment	1184
10.576392
end	8
initial	8
graph	14792
shortest_paths	3112
visited	744
destinations	96
next_destinations	1352
path	11007832
__spec__	112
defaultdict	1000
CongestionGame	1056
Graph	1056
gamma	1680
FigureCanvasAgg	1056
agents	90192
agents_dict	281504
agents_list	225832
Environment	1184
11.626121
end	8
initial	8
graph	14792
shortest_paths	3112
visited	744
destinations	96
next_destinations	1352
path	12383856
__spec__	112
defaultdict	1000
CongestionGame	1056
Graph	1056
gamma	1680
FigureCanvasAgg	1056
agents	90192
agents_dict	281504
agents_list	225832
Environment	1184
12.727043
end	8
initial	8
graph	14792
shortest_paths	3112
visited	744
destinations	96
next_destinations	1352
path	13931880
__spec__	112
defaultdict	1000
CongestionGame	1056
Graph	1056
gamma	1680
FigureCanvasAgg	1056
agents	90192
agents_dict	281504
agents_list	225832
Environment	1184
13.788717
end	8
initial	8
graph	14792
shortest_paths	3112
visited	744
destinations	96
next_destinations	1352
path	15673408
__spec__	112
defaultdict	1000
CongestionGame	1056
Graph	1056
gamma	1680
FigureCanvasAgg	1056
agents	90192
agents_dict	281504
agents_list	225832
Environment	1184
14.875414
end	8
initial	8
graph	14792
shortest_paths	3112
visited	744
destinations	96
next_destinations	1352
path	15673408
__spec__	112
defaultdict	1000
CongestionGame	1056
Graph	1056
gamma	1680
FigureCanvasAgg	1056
agents	90192
agents_dict	281504
agents_list	225832
Environment	1184
15.948101
end	8
initial	8
graph	14792
shortest_paths	3112
visited	744
destinations	96
next_destinations	1352
path	17632632
__spec__	112
defaultdict	1000
CongestionGame	1056
Graph	1056
gamma	1680
FigureCanvasAgg	1056
agents	90192
agents_dict	281504
agents_list	225832
Environment	1184
17.058354
end	8
initial	8
graph	14792
shortest_paths	3112
visited	744
destinations	96
next_destinations	1352
path	17632632
__spec__	112
defaultdict	1000
CongestionGame	1056
Graph	1056
gamma	1680
FigureCanvasAgg	1056
agents	90192
agents_dict	281504
agents_list	225832
Environment	1184
18.183795
end	8
initial	8
graph	14792
shortest_paths	3112
visited	744
destinations	96
next_destinations	1352
path	19836760
__spec__	112
defaultdict	1000
CongestionGame	1056
Graph	1056
gamma	1680
FigureCanvasAgg	1056
agents	90192
agents_dict	281504
agents_list	225832
Environment	1184
19.270241
end	8
initial	8
graph	14792
shortest_paths	3112
visited	744
destinations	96
next_destinations	1352
path	19836760
__spec__	112
defaultdict	1000
CongestionGame	1056
Graph	1056
gamma	1680
FigureCanvasAgg	1056
agents	90192
agents_dict	281504
agents_list	225832
Environment	1184
20.390930
end	8
initial	8
graph	14792
shortest_paths	3112
visited	744
destinations	96
next_destinations	1352
path	22316400
__spec__	112
defaultdict	1000
CongestionGame	1056
Graph	1056
gamma	1680
FigureCanvasAgg	1056
agents	90192
agents_dict	281504
agents_list	225832
Environment	1184
21.517583
end	8
initial	8
graph	14792
shortest_paths	3112
visited	744
destinations	96
next_destinations	1352
path	22316400
__spec__	112
defaultdict	1000
CongestionGame	1056
Graph	1056
gamma	1680
FigureCanvasAgg	1056
agents	90192
agents_dict	281504
agents_list	225832
Environment	1184
22.667763
end	8
initial	8
graph	14792
shortest_paths	3112
visited	744
destinations	96
next_destinations	1352
path	22316400
__spec__	112
defaultdict	1000
CongestionGame	1056
Graph	1056
gamma	1680
FigureCanvasAgg	1056
agents	90192
agents_dict	281504
agents_list	225832
Environment	1184
23.796804
end	8
initial	8
graph	14792
shortest_paths	3112
visited	744
destinations	96
next_destinations	1352
path	25105992
__spec__	112
defaultdict	1000
CongestionGame	1056
Graph	1056
gamma	1680
FigureCanvasAgg	1056
agents	90192
agents_dict	281504
agents_list	225832
Environment	1184
24.954939
end	8
initial	8
graph	14792
shortest_paths	3112
visited	744
destinations	96
next_destinations	1352
path	25105992
__spec__	112
defaultdict	1000
CongestionGame	1056
Graph	1056
gamma	1680
FigureCanvasAgg	1056
agents	90192
agents_dict	281504
agents_list	225832
Environment	1184
26.130526
end	8
initial	8
graph	14792
shortest_paths	3112
visited	744
destinations	96
next_destinations	1352
path	25105992
__spec__	112
defaultdict	1000
CongestionGame	1056
Graph	1056
gamma	1680
FigureCanvasAgg	1056
agents	90192
agents_dict	281504
agents_list	225832
Environment	1184
27.363273
end	8
initial	8
graph	14792
shortest_paths	3112
visited	744
destinations	96
next_destinations	1352
path	28244288
__spec__	112
defaultdict	1000
CongestionGame	1056
Graph	1056
gamma	1680
FigureCanvasAgg	1056
agents	90192
agents_dict	281504
agents_list	225832
Environment	1184
28.571664
end	8
initial	8
graph	14792
shortest_paths	3112
visited	744
destinations	96
next_destinations	1352
path	28244288
__spec__	112
defaultdict	1000
CongestionGame	1056
Graph	1056
gamma	1680
FigureCanvasAgg	1056
agents	90192
agents_dict	281504
agents_list	225832
Environment	1184
29.750479
end	8
initial	8
graph	14792
shortest_paths	3112
visited	744
destinations	96
next_destinations	1352
path	28244288
__spec__	112
defaultdict	1000
CongestionGame	1056
Graph	1056
gamma	1680
FigureCanvasAgg	1056
agents	90192
agents_dict	281504
agents_list	225832
Environment	1184
30.938948
end	8
initial	8
graph	14792
shortest_paths	3112
visited	744
destinations	96
0.000130
initial_edges	6960
__spec__	112
defaultdict	1000
CongestionGame	1056
Graph	1056
gamma	1680
FigureCanvasAgg	1056
agents	90192
agents_dict	281504
agents_list	225832
Environment	1184
0.868640
end	8
initial	8
graph	14792
shortest_paths	3112
visited	744
destinations	96
next_destinations	1352
path	1043560
__spec__	112
defaultdict	1000
CongestionGame	1056
Graph	1056
gamma	1680
FigureCanvasAgg	1056
agents	90192
agents_dict	281504
agents_list	225832
Environment	1184
1.764077
end	8
initial	8
graph	14792
shortest_paths	3112
visited	744
destinations	96
next_destinations	1352
path	2115952
__spec__	112
defaultdict	1000
CongestionGame	1056
Graph	1056
gamma	1680
FigureCanvasAgg	1056
agents	90192
agents_dict	281504
agents_list	225832
Environment	1184
2.679221
end	8
initial	8
graph	14792
shortest_paths	3112
visited	744
destinations	96
next_destinations	1352
path	3012904
__spec__	112
defaultdict	1000
CongestionGame	1056
Graph	1056
gamma	1680
FigureCanvasAgg	1056
agents	90192
agents_dict	281504
agents_list	225832
Environment	1184
3.577934
end	8
initial	8
graph	14792
shortest_paths	3112
visited	744
destinations	96
next_destinations	1352
path	4290016
__spec__	112
defaultdict	1000
CongestionGame	1056
Graph	1056
gamma	1680
FigureCanvasAgg	1056
agents	90192
agents_dict	281504
agents_list	225832
Environment	1184
4.484121
end	8
initial	8
graph	14792
shortest_paths	3112
visited	744
destinations	96
next_destinations	1352
path	5429648
__spec__	112
defaultdict	1000
CongestionGame	1056
Graph	1056
gamma	1680
FigureCanvasAgg	1056
agents	90192
agents_dict	281504
agents_list	225832
Environment	1184
5.439715
end	8
initial	8
graph	14792
shortest_paths	3112
visited	744
destinations	96
next_destinations	1352
path	6108400
__spec__	112
defaultdict	1000
CongestionGame	1056
Graph	1056
gamma	1680
FigureCanvasAgg	1056
agents	90192
agents_dict	281504
agents_list	225832
Environment	1184
6.398548
end	8
initial	8
graph	14792
shortest_paths	3112
visited	744
destinations	96
next_destinations	1352
path	7731040
__spec__	112
defaultdict	1000
CongestionGame	1056
Graph	1056
gamma	1680
FigureCanvasAgg	1056
agents	90192
agents_dict	281504
agents_list	225832
Environment	1184
7.404228
end	8
initial	8
graph	14792
shortest_paths	3112
visited	744
destinations	96
next_destinations	1352
path	8697464
__spec__	112
defaultdict	1000
CongestionGame	1056
Graph	1056
gamma	1680
FigureCanvasAgg	1056
agents	90192
agents_dict	281504
agents_list	225832
Environment	1184
8.482803
end	8
initial	8
graph	14792
shortest_paths	3112
visited	744
destinations	96
next_destinations	1352
path	9784696
__spec__	112
defaultdict	1000
CongestionGame	1056
Graph	1056
gamma	1680
FigureCanvasAgg	1056
agents	90192
agents_dict	281504
agents_list	225832
Environment	1184
9.516089
end	8
initial	8
graph	14792
shortest_paths	3112
visited	744
destinations	96
next_destinations	1352
path	11007832
__spec__	112
defaultdict	1000
CongestionGame	1056
Graph	1056
gamma	1680
FigureCanvasAgg	1056
agents	90192
agents_dict	281504
agents_list	225832
Environment	1184
10.571831
end	8
initial	8
graph	14792
shortest_paths	3112
visited	744
destinations	96
next_destinations	1352
path	11007832
__spec__	112
defaultdict	1000
CongestionGame	1056
Graph	1056
gamma	1680
FigureCanvasAgg	1056
agents	90192
agents_dict	281504
agents_list	225832
Environment	1184
11.625509
end	8
initial	8
graph	14792
shortest_paths	3112
visited	744
destinations	96
next_destinations	1352
path	12383856
__spec__	112
defaultdict	1000
CongestionGame	1056
Graph	1056
gamma	1680
FigureCanvasAgg	1056
agents	90192
agents_dict	281504
agents_list	225832
Environment	1184
12.726502
end	8
initial	8
graph	14792
shortest_paths	3112
visited	744
destinations	96
next_destinations	1352
path	13931880
__spec__	112
defaultdict	1000
CongestionGame	1056
Graph	1056
gamma	1680
FigureCanvasAgg	1056
agents	90192
agents_dict	281504
agents_list	225832
Environment	1184
13.851035
end	8
initial	8
graph	14792
shortest_paths	3112
visited	744
destinations	96
next_destinations	1352
path	15673408
__spec__	112
defaultdict	1000
CongestionGame	1056
Graph	1056
gamma	1680
FigureCanvasAgg	1056
agents	90192
agents_dict	281504
agents_list	225832
Environment	1184
14.953037
end	8
initial	8
graph	14792
shortest_paths	3112
visited	744
destinations	96
next_destinations	1352
path	15673408
__spec__	112
defaultdict	1000
CongestionGame	1056
Graph	1056
gamma	1680
FigureCanvasAgg	1056
agents	90192
agents_dict	281504
agents_list	225832
Environment	1184
16.015217
end	8
initial	8
graph	14792
shortest_paths	3112
visited	744
destinations	96
next_destinations	1352
path	17632632
__spec__	112
defaultdict	1000
CongestionGame	1056
Graph	1056
gamma	1680
FigureCanvasAgg	1056
agents	90192
agents_dict	281504
agents_list	225832
Environment	1184
17.101137
end	8
initial	8
graph	14792
shortest_paths	3112
visited	744
destinations	96
next_destinations	1352
path	17632632
__spec__	112
defaultdict	1000
CongestionGame	1056
Graph	1056
gamma	1680
FigureCanvasAgg	1056
agents	90192
agents_dict	281504
agents_list	225832
Environment	1184
18.229023
end	8
initial	8
graph	14792
shortest_paths	3112
visited	744
destinations	96
next_destinations	1352
path	19836760
__spec__	112
defaultdict	1000
CongestionGame	1056
Graph	1056
gamma	1680
FigureCanvasAgg	1056
agents	90192
agents_dict	281504
agents_list	225832
Environment	1184
19.329460
end	8
initial	8
graph	14792
shortest_paths	3112
visited	744
destinations	96
next_destinations	1352
path	19836760
__spec__	112
defaultdict	1000
CongestionGame	1056
Graph	1056
gamma	1680
FigureCanvasAgg	1056
agents	90192
agents_dict	281504
agents_list	225832
Environment	1184
20.460609
end	8
initial	8
graph	14792
shortest_paths	3112
visited	744
destinations	96
next_destinations	1352
path	22316400
__spec__	112
defaultdict	1000
CongestionGame	1056
Graph	1056
gamma	1680
FigureCanvasAgg	1056
agents	90192
agents_dict	281504
agents_list	225832
Environment	1184
21.579997
end	8
initial	8
graph	14792
shortest_paths	3112
visited	744
destinations	96
next_destinations	1352
path	22316400
__spec__	112
defaultdict	1000
CongestionGame	1056
Graph	1056
gamma	1680
FigureCanvasAgg	1056
agents	90192
agents_dict	281504
agents_list	225832
Environment	1184
22.718205
end	8
initial	8
graph	14792
shortest_paths	3112
visited	744
destinations	96
next_destinations	1352
path	22316400
__spec__	112
defaultdict	1000
CongestionGame	1056
Graph	1056
gamma	1680
FigureCanvasAgg	1056
agents	90192
agents_dict	281504
agents_list	225832
Environment	1184
23.838371
end	8
initial	8
graph	14792
shortest_paths	3112
visited	744
destinations	96
next_destinations	1352
path	25105992
__spec__	112
defaultdict	1000
CongestionGame	1056
Graph	1056
gamma	1680
FigureCanvasAgg	1056
agents	90192
agents_dict	281504
agents_list	225832
Environment	1184
25.002677
end	8
initial	8
graph	14792
shortest_paths	3112
visited	744
destinations	96
next_destinations	1352
path	25105992
__spec__	112
defaultdict	1000
CongestionGame	1056
Graph	1056
gamma	1680
FigureCanvasAgg	1056
agents	90192
agents_dict	281504
agents_list	225832
Environment	1184
26.159378
end	8
initial	8
graph	14792
shortest_paths	3112
visited	744
destinations	96
next_destinations	1352
path	25105992
__spec__	112
defaultdict	1000
CongestionGame	1056
Graph	1056
gamma	1680
FigureCanvasAgg	1056
agents	90192
agents_dict	281504
agents_list	225832
Environment	1184
27.357631
end	8
initial	8
graph	14792
shortest_paths	3112
visited	744
destinations	96
next_destinations	1352
path	28244288
__spec__	112
defaultdict	1000
CongestionGame	1056
Graph	1056
gamma	1680
FigureCanvasAgg	1056
agents	90192
agents_dict	281504
agents_list	225832
Environment	1184
28.570529
end	8
initial	8
graph	14792
shortest_paths	3112
visited	744
destinations	96
next_destinations	1352
path	28244288
__spec__	112
defaultdict	1000
CongestionGame	1056
Graph	1056
gamma	1680
FigureCanvasAgg	1056
agents	90192
agents_dict	281504
agents_list	225832
Environment	1184
29.751622
end	8
initial	8
graph	14792
shortest_paths	3112
visited	744
destinations	96
next_destinations	1352
path	28244288
__spec__	112
defaultdict	1000
CongestionGame	1056
Graph	1056
gamma	1680
FigureCanvasAgg	1056
agents	90192
agents_dict	281504
agents_list	225832
Environment	1184
30.951068
end	8
initial	8
graph	14792
shortest_paths	3112
visited	744
destinations	96
0.000130
initial_edges	6960
__spec__	112
defaultdict	1000
CongestionGame	1056
Graph	1056
gamma	1680
FigureCanvasAgg	1056
agents	90192
agents_dict	281504
agents_list	225832
Environment	1184
0.865845
end	8
initial	8
graph	14792
shortest_paths	3112
visited	744
destinations	96
next_destinations	1352
path	1043560
__spec__	112
defaultdict	1000
CongestionGame	1056
Graph	1056
gamma	1680
FigureCanvasAgg	1056
agents	90192
agents_dict	281504
agents_list	225832
Environment	1184
1.781427
end	8
initial	8
graph	14792
shortest_paths	3112
visited	744
destinations	96
next_destinations	1352
path	2115952
__spec__	112
defaultdict	1000
CongestionGame	1056
Graph	1056
gamma	1680
FigureCanvasAgg	1056
agents	90192
agents_dict	281504
agents_list	225832
Environment	1184
2.667477
end	8
initial	8
graph	14792
shortest_paths	3112
visited	744
destinations	96
next_destinations	1352
path	3012904
__spec__	112
defaultdict	1000
CongestionGame	1056
Graph	1056
gamma	1680
FigureCanvasAgg	1056
agents	90192
agents_dict	281504
agents_list	225832
Environment	1184
3.582680
end	8
initial	8
graph	14792
shortest_paths	3112
visited	744
destinations	96
next_destinations	1352
path	4290016
__spec__	112
defaultdict	1000
CongestionGame	1056
Graph	1056
gamma	1680
FigureCanvasAgg	1056
agents	90192
agents_dict	281504
agents_list	225832
Environment	1184
4.508702
end	8
initial	8
graph	14792
shortest_paths	3112
visited	744
destinations	96
next_destinations	1352
path	5429648
__spec__	112
defaultdict	1000
CongestionGame	1056
Graph	1056
gamma	1680
FigureCanvasAgg	1056
agents	90192
agents_dict	281504
agents_list	225832
Environment	1184
5.461299
end	8
initial	8
graph	14792
shortest_paths	3112
visited	744
destinations	96
next_destinations	1352
path	6108400
__spec__	112
defaultdict	1000
CongestionGame	1056
Graph	1056
gamma	1680
FigureCanvasAgg	1056
agents	90192
agents_dict	281504
agents_list	225832
Environment	1184
6.446247
end	8
initial	8
graph	14792
shortest_paths	3112
visited	744
destinations	96
next_destinations	1352
path	7731040
__spec__	112
defaultdict	1000
CongestionGame	1056
Graph	1056
gamma	1680
FigureCanvasAgg	1056
agents	90192
agents_dict	281504
agents_list	225832
Environment	1184
7.483149
end	8
initial	8
graph	14792
shortest_paths	3112
visited	744
destinations	96
next_destinations	1352
path	8697464
__spec__	112
defaultdict	1000
CongestionGame	1056
Graph	1056
gamma	1680
FigureCanvasAgg	1056
agents	90192
agents_dict	281504
agents_list	225832
Environment	1184
8.553591
end	8
initial	8
graph	14792
shortest_paths	3112
visited	744
destinations	96
next_destinations	1352
path	9784696
__spec__	112
defaultdict	1000
CongestionGame	1056
Graph	1056
gamma	1680
FigureCanvasAgg	1056
agents	90192
agents_dict	281504
agents_list	225832
Environment	1184
9.586699
end	8
initial	8
graph	14792
shortest_paths	3112
visited	744
destinations	96
next_destinations	1352
path	11007832
__spec__	112
defaultdict	1000
CongestionGame	1056
Graph	1056
gamma	1680
FigureCanvasAgg	1056
agents	90192
agents_dict	281504
agents_list	225832
Environment	1184
10.647927
end	8
initial	8
graph	14792
shortest_paths	3112
visited	744
destinations	96
next_destinations	1352
path	11007832
__spec__	112
defaultdict	1000
CongestionGame	1056
Graph	1056
gamma	1680
FigureCanvasAgg	1056
agents	90192
agents_dict	281504
agents_list	225832
Environment	1184
11.701448
end	8
initial	8
graph	14792
shortest_paths	3112
visited	744
destinations	96
next_destinations	1352
path	12383856
__spec__	112
defaultdict	1000
CongestionGame	1056
Graph	1056
gamma	1680
FigureCanvasAgg	1056
agents	90192
agents_dict	281504
agents_list	225832
Environment	1184
12.789526
end	8
initial	8
graph	14792
shortest_paths	3112
visited	744
destinations	96
next_destinations	1352
path	13931880
__spec__	112
defaultdict	1000
CongestionGame	1056
Graph	1056
gamma	1680
FigureCanvasAgg	1056
agents	90192
agents_dict	281504
agents_list	225832
Environment	1184
13.858606
end	8
initial	8
graph	14792
shortest_paths	3112
visited	744
destinations	96
next_destinations	1352
path	15673408
__spec__	112
defaultdict	1000
CongestionGame	1056
Graph	1056
gamma	1680
FigureCanvasAgg	1056
agents	90192
agents_dict	281504
agents_list	225832
Environment	1184
14.959563
end	8
initial	8
graph	14792
shortest_paths	3112
visited	744
destinations	96
next_destinations	1352
path	15673408
__spec__	112
defaultdict	1000
CongestionGame	1056
Graph	1056
gamma	1680
FigureCanvasAgg	1056
agents	90192
agents_dict	281504
agents_list	225832
Environment	1184
16.014783
end	8
initial	8
graph	14792
shortest_paths	3112
visited	744
destinations	96
next_destinations	1352
path	17632632
__spec__	112
defaultdict	1000
CongestionGame	1056
Graph	1056
gamma	1680
FigureCanvasAgg	1056
agents	90192
agents_dict	281504
agents_list	225832
Environment	1184
17.116079
end	8
initial	8
graph	14792
shortest_paths	3112
visited	744
destinations	96
next_destinations	1352
path	17632632
__spec__	112
defaultdict	1000
CongestionGame	1056
Graph	1056
gamma	1680
FigureCanvasAgg	1056
agents	90192
agents_dict	281504
agents_list	225832
Environment	1184
18.243300
end	8
initial	8
graph	14792
shortest_paths	3112
visited	744
destinations	96
next_destinations	1352
path	19836760
__spec__	112
defaultdict	1000
CongestionGame	1056
Graph	1056
gamma	1680
FigureCanvasAgg	1056
agents	90192
agents_dict	281504
agents_list	225832
Environment	1184
19.349804
end	8
initial	8
graph	14792
shortest_paths	3112
visited	744
destinations	96
next_destinations	1352
path	19836760
__spec__	112
defaultdict	1000
CongestionGame	1056
Graph	1056
gamma	1680
FigureCanvasAgg	1056
agents	90192
agents_dict	281504
agents_list	225832
Environment	1184
20.469253
end	8
initial	8
graph	14792
shortest_paths	3112
visited	744
destinations	96
next_destinations	1352
path	22316400
__spec__	112
defaultdict	1000
CongestionGame	1056
Graph	1056
gamma	1680
FigureCanvasAgg	1056
agents	90192
agents_dict	281504
agents_list	225832
Environment	1184
21.589886
end	8
initial	8
graph	14792
shortest_paths	3112
visited	744
destinations	96
next_destinations	1352
path	22316400
__spec__	112
defaultdict	1000
CongestionGame	1056
Graph	1056
gamma	1680
FigureCanvasAgg	1056
agents	90192
agents_dict	281504
agents_list	225832
Environment	1184
22.753526
end	8
initial	8
graph	14792
shortest_paths	3112
visited	744
destinations	96
next_destinations	1352
path	22316400
__spec__	112
defaultdict	1000
CongestionGame	1056
Graph	1056
gamma	1680
FigureCanvasAgg	1056
agents	90192
agents_dict	281504
agents_list	225832
Environment	1184
23.888678
end	8
initial	8
graph	14792
shortest_paths	3112
visited	744
destinations	96
next_destinations	1352
path	25105992
__spec__	112
defaultdict	1000
CongestionGame	1056
Graph	1056
gamma	1680
FigureCanvasAgg	1056
agents	90192
agents_dict	281504
agents_list	225832
Environment	1184
25.048372
end	8
initial	8
graph	14792
shortest_paths	3112
visited	744
destinations	96
next_destinations	1352
path	25105992
__spec__	112
defaultdict	1000
CongestionGame	1056
Graph	1056
gamma	1680
FigureCanvasAgg	1056
agents	90192
agents_dict	281504
agents_list	225832
Environment	1184
26.208189
end	8
initial	8
graph	14792
shortest_paths	3112
visited	744
destinations	96
next_destinations	1352
path	25105992
__spec__	112
defaultdict	1000
CongestionGame	1056
Graph	1056
gamma	1680
FigureCanvasAgg	1056
agents	90192
agents_dict	281504
agents_list	225832
Environment	1184
27.392296
end	8
initial	8
graph	14792
shortest_paths	3112
visited	744
destinations	96
next_destinations	1352
path	28244288
__spec__	112
defaultdict	1000
CongestionGame	1056
Graph	1056
gamma	1680
FigureCanvasAgg	1056
agents	90192
agents_dict	281504
agents_list	225832
Environment	1184
28.624122
end	8
initial	8
graph	14792
shortest_paths	3112
visited	744
destinations	96
next_destinations	1352
path	28244288
__spec__	112
defaultdict	1000
CongestionGame	1056
Graph	1056
gamma	1680
FigureCanvasAgg	1056
agents	90192
agents_dict	281504
agents_list	225832
Environment	1184
29.807757
end	8
initial	8
graph	14792
shortest_paths	3112
visited	744
destinations	96
next_destinations	1352
path	28244288
__spec__	112
defaultdict	1000
CongestionGame	1056
Graph	1056
gamma	1680
FigureCanvasAgg	1056
agents	90192
agents_dict	281504
agents_list	225832
Environment	1184
31.013581
end	8
initial	8
graph	14792
shortest_paths	3112
visited	744
destinations	96
0.000130
initial_edges	6960
__spec__	112
defaultdict	1000
CongestionGame	1056
Graph	1056
gamma	1680
FigureCanvasAgg	1056
agents	90192
agents_dict	281504
agents_list	225832
Environment	1184
0.861582
end	8
initial	8
graph	14792
shortest_paths	3112
visited	744
destinations	96
next_destinations	1352
path	1043560
__spec__	112
defaultdict	1000
CongestionGame	1056
Graph	1056
gamma	1680
FigureCanvasAgg	1056
agents	90192
agents_dict	281504
agents_list	225832
Environment	1184
1.753202
end	8
initial	8
graph	14792
shortest_paths	3112
visited	744
destinations	96
next_destinations	1352
path	2115952
__spec__	112
defaultdict	1000
CongestionGame	1056
Graph	1056
gamma	1680
FigureCanvasAgg	1056
agents	90192
agents_dict	281504
agents_list	225832
Environment	1184
2.632129
end	8
initial	8
graph	14792
shortest_paths	3112
visited	744
destinations	96
next_destinations	1352
path	3012904
__spec__	112
defaultdict	1000
CongestionGame	1056
Graph	1056
gamma	1680
FigureCanvasAgg	1056
agents	90192
agents_dict	281504
agents_list	225832
Environment	1184
3.539079
end	8
initial	8
graph	14792
shortest_paths	3112
visited	744
destinations	96
next_destinations	1352
path	4290016
__spec__	112
defaultdict	1000
CongestionGame	1056
Graph	1056
gamma	1680
FigureCanvasAgg	1056
agents	90192
agents_dict	281504
agents_list	225832
Environment	1184
4.476376
end	8
initial	8
graph	14792
shortest_paths	3112
visited	744
destinations	96
next_destinations	1352
path	5429648
__spec__	112
defaultdict	1000
CongestionGame	1056
Graph	1056
gamma	1680
FigureCanvasAgg	1056
agents	90192
agents_dict	281504
agents_list	225832
Environment	1184
5.409903
end	8
initial	8
graph	14792
shortest_paths	3112
visited	744
destinations	96
next_destinations	1352
path	6108400
__spec__	112
defaultdict	1000
CongestionGame	1056
Graph	1056
gamma	1680
FigureCanvasAgg	1056
agents	90192
agents_dict	281504
agents_list	225832
Environment	1184
6.352449
end	8
initial	8
graph	14792
shortest_paths	3112
visited	744
destinations	96
next_destinations	1352
path	7731040
__spec__	112
defaultdict	1000
CongestionGame	1056
Graph	1056
gamma	1680
FigureCanvasAgg	1056
agents	90192
agents_dict	281504
agents_list	225832
Environment	1184
7.388122
end	8
initial	8
graph	14792
shortest_paths	3112
visited	744
destinations	96
next_destinations	1352
path	8697464
__spec__	112
defaultdict	1000
CongestionGame	1056
Graph	1056
gamma	1680
FigureCanvasAgg	1056
agents	90192
agents_dict	281504
agents_list	225832
Environment	1184
8.466832
end	8
initial	8
graph	14792
shortest_paths	3112
visited	744
destinations	96
next_destinations	1352
path	9784696
__spec__	112
defaultdict	1000
CongestionGame	1056
Graph	1056
gamma	1680
FigureCanvasAgg	1056
agents	90192
agents_dict	281504
agents_list	225832
Environment	1184
9.512772
end	8
initial	8
graph	14792
shortest_paths	3112
visited	744
destinations	96
next_destinations	1352
path	11007832
__spec__	112
defaultdict	1000
CongestionGame	1056
Graph	1056
gamma	1680
FigureCanvasAgg	1056
agents	90192
agents_dict	281504
agents_list	225832
Environment	1184
10.607825
end	8
initial	8
graph	14792
shortest_paths	3112
visited	744
destinations	96
next_destinations	1352
path	11007832
__spec__	112
defaultdict	1000
CongestionGame	1056
Graph	1056
gamma	1680
FigureCanvasAgg	1056
agents	90192
agents_dict	281504
agents_list	225832
Environment	1184
11.668746
end	8
initial	8
graph	14792
shortest_paths	3112
visited	744
destinations	96
next_destinations	1352
path	12383856
__spec__	112
defaultdict	1000
CongestionGame	1056
Graph	1056
gamma	1680
FigureCanvasAgg	1056
agents	90192
agents_dict	281504
agents_list	225832
Environment	1184
12.774258
end	8
initial	8
graph	14792
shortest_paths	3112
visited	744
destinations	96
next_destinations	1352
path	13931880
__spec__	112
defaultdict	1000
CongestionGame	1056
Graph	1056
gamma	1680
FigureCanvasAgg	1056
agents	90192
agents_dict	281504
agents_list	225832
Environment	1184
13.859360
end	8
initial	8
graph	14792
shortest_paths	3112
visited	744
destinations	96
next_destinations	1352
path	15673408
__spec__	112
defaultdict	1000
CongestionGame	1056
Graph	1056
gamma	1680
FigureCanvasAgg	1056
agents	90192
agents_dict	281504
agents_list	225832
Environment	1184
14.957912
end	8
initial	8
graph	14792
shortest_paths	3112
visited	744
destinations	96
next_destinations	1352
path	15673408
__spec__	112
defaultdict	1000
CongestionGame	1056
Graph	1056
gamma	1680
FigureCanvasAgg	1056
agents	90192
agents_dict	281504
agents_list	225832
Environment	1184
16.019441
end	8
initial	8
graph	14792
shortest_paths	3112
visited	744
destinations	96
next_destinations	1352
path	17632632
__spec__	112
defaultdict	1000
CongestionGame	1056
Graph	1056
gamma	1680
FigureCanvasAgg	1056
agents	90192
agents_dict	281504
agents_list	225832
Environment	1184
17.125530
end	8
initial	8
graph	14792
shortest_paths	3112
visited	744
destinations	96
next_destinations	1352
path	17632632
__spec__	112
defaultdict	1000
CongestionGame	1056
Graph	1056
gamma	1680
FigureCanvasAgg	1056
agents	90192
agents_dict	281504
agents_list	225832
Environment	1184
18.241433
end	8
initial	8
graph	14792
shortest_paths	3112
visited	744
destinations	96
next_destinations	1352
path	19836760
__spec__	112
defaultdict	1000
CongestionGame	1056
Graph	1056
gamma	1680
FigureCanvasAgg	1056
agents	90192
agents_dict	281504
agents_list	225832
Environment	1184
19.359808
end	8
initial	8
graph	14792
shortest_paths	3112
visited	744
destinations	96
next_destinations	1352
path	19836760
__spec__	112
defaultdict	1000
CongestionGame	1056
Graph	1056
gamma	1680
FigureCanvasAgg	1056
agents	90192
agents_dict	281504
agents_list	225832
Environment	1184
20.478094
end	8
initial	8
graph	14792
shortest_paths	3112
visited	744
destinations	96
next_destinations	1352
path	22316400
__spec__	112
defaultdict	1000
CongestionGame	1056
Graph	1056
gamma	1680
FigureCanvasAgg	1056
agents	90192
agents_dict	281504
agents_list	225832
Environment	1184
21.603469
end	8
initial	8
graph	14792
shortest_paths	3112
visited	744
destinations	96
next_destinations	1352
path	22316400
__spec__	112
defaultdict	1000
CongestionGame	1056
Graph	1056
gamma	1680
FigureCanvasAgg	1056
agents	90192
agents_dict	281504
agents_list	225832
Environment	1184
22.753453
end	8
initial	8
graph	14792
shortest_paths	3112
visited	744
destinations	96
next_destinations	1352
path	22316400
__spec__	112
defaultdict	1000
CongestionGame	1056
Graph	1056
gamma	1680
FigureCanvasAgg	1056
agents	90192
agents_dict	281504
agents_list	225832
Environment	1184
23.888689
end	8
initial	8
graph	14792
shortest_paths	3112
visited	744
destinations	96
next_destinations	1352
path	25105992
__spec__	112
defaultdict	1000
CongestionGame	1056
Graph	1056
gamma	1680
FigureCanvasAgg	1056
agents	90192
agents_dict	281504
agents_list	225832
Environment	1184
25.050136
end	8
initial	8
graph	14792
shortest_paths	3112
visited	744
destinations	96
next_destinations	1352
path	25105992
__spec__	112
defaultdict	1000
CongestionGame	1056
Graph	1056
gamma	1680
FigureCanvasAgg	1056
agents	90192
agents_dict	281504
agents_list	225832
Environment	1184
26.247411
end	8
initial	8
graph	14792
shortest_paths	3112
visited	744
destinations	96
next_destinations	1352
path	25105992
__spec__	112
defaultdict	1000
CongestionGame	1056
Graph	1056
gamma	1680
FigureCanvasAgg	1056
agents	90192
agents_dict	281504
agents_list	225832
Environment	1184
27.429240
end	8
initial	8
graph	14792
shortest_paths	3112
visited	744
destinations	96
next_destinations	1352
path	28244288
__spec__	112
defaultdict	1000
CongestionGame	1056
Graph	1056
gamma	1680
FigureCanvasAgg	1056
agents	90192
agents_dict	281504
agents_list	225832
Environment	1184
28.655746
end	8
initial	8
graph	14792
shortest_paths	3112
visited	744
destinations	96
next_destinations	1352
path	28244288
__spec__	112
defaultdict	1000
CongestionGame	1056
Graph	1056
gamma	1680
FigureCanvasAgg	1056
agents	90192
agents_dict	281504
agents_list	225832
Environment	1184
29.832403
end	8
initial	8
graph	14792
shortest_paths	3112
visited	744
destinations	96
next_destinations	1352
path	28244288
__spec__	112
defaultdict	1000
CongestionGame	1056
Graph	1056
gamma	1680
FigureCanvasAgg	1056
agents	90192
agents_dict	281504
agents_list	225832
Environment	1184
31.016991
end	8
initial	8
graph	14792
shortest_paths	3112
visited	744
destinations	96
0.000130
initial_edges	6960
__spec__	112
defaultdict	1000
CongestionGame	1056
Graph	1056
gamma	1680
FigureCanvasAgg	1056
agents	90192
agents_dict	281504
agents_list	225832
Environment	1184
0.859247
end	8
initial	8
graph	14792
shortest_paths	3112
visited	744
destinations	96
next_destinations	1352
path	1043560
__spec__	112
defaultdict	1000
CongestionGame	1056
Graph	1056
gamma	1680
FigureCanvasAgg	1056
agents	90192
agents_dict	281504
agents_list	225832
Environment	1184
1.759768
end	8
initial	8
graph	14792
shortest_paths	3112
visited	744
destinations	96
next_destinations	1352
path	2115952
__spec__	112
defaultdict	1000
CongestionGame	1056
Graph	1056
gamma	1680
FigureCanvasAgg	1056
agents	90192
agents_dict	281504
agents_list	225832
Environment	1184
2.651013
end	8
initial	8
graph	14792
shortest_paths	3112
visited	744
destinations	96
next_destinations	1352
path	3012904
__spec__	112
defaultdict	1000
CongestionGame	1056
Graph	1056
gamma	1680
FigureCanvasAgg	1056
agents	90192
agents_dict	281504
agents_list	225832
Environment	1184
3.564149
end	8
initial	8
graph	14792
shortest_paths	3112
visited	744
destinations	96
next_destinations	1352
path	4290016
__spec__	112
defaultdict	1000
CongestionGame	1056
Graph	1056
gamma	1680
FigureCanvasAgg	1056
agents	90192
agents_dict	281504
agents_list	225832
Environment	1184
4.487422
end	8
initial	8
graph	14792
shortest_paths	3112
visited	744
destinations	96
next_destinations	1352
path	5429648
__spec__	112
defaultdict	1000
CongestionGame	1056
Graph	1056
gamma	1680
FigureCanvasAgg	1056
agents	90192
agents_dict	281504
agents_list	225832
Environment	1184
5.423694
end	8
initial	8
graph	14792
shortest_paths	3112
visited	744
destinations	96
next_destinations	1352
path	6108400
__spec__	112
defaultdict	1000
CongestionGame	1056
Graph	1056
gamma	1680
FigureCanvasAgg	1056
agents	90192
agents_dict	281504
agents_list	225832
Environment	1184
6.360638
end	8
initial	8
graph	14792
shortest_paths	3112
visited	744
destinations	96
next_destinations	1352
path	7731040
__spec__	112
defaultdict	1000
CongestionGame	1056
Graph	1056
gamma	1680
FigureCanvasAgg	1056
agents	90192
agents_dict	281504
agents_list	225832
Environment	1184
7.381498
end	8
initial	8
graph	14792
shortest_paths	3112
visited	744
destinations	96
next_destinations	1352
path	8697464
__spec__	112
defaultdict	1000
CongestionGame	1056
Graph	1056
gamma	1680
FigureCanvasAgg	1056
agents	90192
agents_dict	281504
agents_list	225832
Environment	1184
8.452487
end	8
initial	8
graph	14792
shortest_paths	3112
visited	744
destinations	96
next_destinations	1352
path	9784696
__spec__	112
defaultdict	1000
CongestionGame	1056
Graph	1056
gamma	1680
FigureCanvasAgg	1056
agents	90192
agents_dict	281504
agents_list	225832
Environment	1184
9.505544
end	8
initial	8
graph	14792
shortest_paths	3112
visited	744
destinations	96
next_destinations	1352
path	11007832
__spec__	112
defaultdict	1000
CongestionGame	1056
Graph	1056
gamma	1680
FigureCanvasAgg	1056
agents	90192
agents_dict	281504
agents_list	225832
Environment	1184
10.550872
end	8
initial	8
graph	14792
shortest_paths	3112
visited	744
destinations	96
next_destinations	1352
path	11007832
__spec__	112
defaultdict	1000
CongestionGame	1056
Graph	1056
gamma	1680
FigureCanvasAgg	1056
agents	90192
agents_dict	281504
agents_list	225832
Environment	1184
11.583969
end	8
initial	8
graph	14792
shortest_paths	3112
visited	744
destinations	96
next_destinations	1352
path	12383856
__spec__	112
defaultdict	1000
CongestionGame	1056
Graph	1056
gamma	1680
FigureCanvasAgg	1056
agents	90192
agents_dict	281504
agents_list	225832
Environment	1184
12.675038
end	8
initial	8
graph	14792
shortest_paths	3112
visited	744
destinations	96
next_destinations	1352
path	13931880
__spec__	112
defaultdict	1000
CongestionGame	1056
Graph	1056
gamma	1680
FigureCanvasAgg	1056
agents	90192
agents_dict	281504
agents_list	225832
Environment	1184
13.771076
end	8
initial	8
graph	14792
shortest_paths	3112
visited	744
destinations	96
next_destinations	1352
path	15673408
__spec__	112
defaultdict	1000
CongestionGame	1056
Graph	1056
gamma	1680
FigureCanvasAgg	1056
agents	90192
agents_dict	281504
agents_list	225832
Environment	1184
14.862401
end	8
initial	8
graph	14792
shortest_paths	3112
visited	744
destinations	96
next_destinations	1352
path	15673408
__spec__	112
defaultdict	1000
CongestionGame	1056
Graph	1056
gamma	1680
FigureCanvasAgg	1056
agents	90192
agents_dict	281504
agents_list	225832
Environment	1184
15.931873
end	8
initial	8
graph	14792
shortest_paths	3112
visited	744
destinations	96
next_destinations	1352
path	17632632
__spec__	112
defaultdict	1000
CongestionGame	1056
Graph	1056
gamma	1680
FigureCanvasAgg	1056
agents	90192
agents_dict	281504
agents_list	225832
Environment	1184
17.068391
end	8
initial	8
graph	14792
shortest_paths	3112
visited	744
destinations	96
next_destinations	1352
path	17632632
__spec__	112
defaultdict	1000
CongestionGame	1056
Graph	1056
gamma	1680
FigureCanvasAgg	1056
agents	90192
agents_dict	281504
agents_list	225832
Environment	1184
18.212635
end	8
initial	8
graph	14792
shortest_paths	3112
visited	744
destinations	96
next_destinations	1352
path	19836760
__spec__	112
defaultdict	1000
CongestionGame	1056
Graph	1056
gamma	1680
FigureCanvasAgg	1056
agents	90192
agents_dict	281504
agents_list	225832
Environment	1184
19.331830
end	8
initial	8
graph	14792
shortest_paths	3112
visited	744
destinations	96
next_destinations	1352
path	19836760
__spec__	112
defaultdict	1000
CongestionGame	1056
Graph	1056
gamma	1680
FigureCanvasAgg	1056
agents	90192
agents_dict	281504
agents_list	225832
Environment	1184
20.432368
end	8
initial	8
graph	14792
shortest_paths	3112
visited	744
destinations	96
next_destinations	1352
path	22316400
__spec__	112
defaultdict	1000
CongestionGame	1056
Graph	1056
gamma	1680
FigureCanvasAgg	1056
agents	90192
agents_dict	281504
agents_list	225832
Environment	1184
21.547670
end	8
initial	8
graph	14792
shortest_paths	3112
visited	744
destinations	96
next_destinations	1352
path	22316400
__spec__	112
defaultdict	1000
CongestionGame	1056
Graph	1056
gamma	1680
FigureCanvasAgg	1056
agents	90192
agents_dict	281504
agents_list	225832
Environment	1184
22.706166
end	8
initial	8
graph	14792
shortest_paths	3112
visited	744
destinations	96
next_destinations	1352
path	22316400
__spec__	112
defaultdict	1000
CongestionGame	1056
Graph	1056
gamma	1680
FigureCanvasAgg	1056
agents	90192
agents_dict	281504
agents_list	225832
Environment	1184
23.849316
end	8
initial	8
graph	14792
shortest_paths	3112
visited	744
destinations	96
next_destinations	1352
path	25105992
__spec__	112
defaultdict	1000
CongestionGame	1056
Graph	1056
gamma	1680
FigureCanvasAgg	1056
agents	90192
agents_dict	281504
agents_list	225832
Environment	1184
25.004808
end	8
initial	8
graph	14792
shortest_paths	3112
visited	744
destinations	96
next_destinations	1352
path	25105992
__spec__	112
defaultdict	1000
CongestionGame	1056
Graph	1056
gamma	1680
FigureCanvasAgg	1056
agents	90192
agents_dict	281504
agents_list	225832
Environment	1184
26.209209
end	8
initial	8
graph	14792
shortest_paths	3112
visited	744
destinations	96
next_destinations	1352
path	25105992
__spec__	112
defaultdict	1000
CongestionGame	1056
Graph	1056
gamma	1680
FigureCanvasAgg	1056
agents	90192
agents_dict	281504
agents_list	225832
Environment	1184
27.408995
end	8
initial	8
graph	14792
shortest_paths	3112
visited	744
destinations	96
next_destinations	1352
path	28244288
__spec__	112
defaultdict	1000
CongestionGame	1056
Graph	1056
gamma	1680
FigureCanvasAgg	1056
agents	90192
agents_dict	281504
agents_list	225832
Environment	1184
28.635554
end	8
initial	8
graph	14792
shortest_paths	3112
visited	744
destinations	96
next_destinations	1352
path	28244288
__spec__	112
defaultdict	1000
CongestionGame	1056
Graph	1056
gamma	1680
FigureCanvasAgg	1056
agents	90192
agents_dict	281504
agents_list	225832
Environment	1184
29.819479
end	8
initial	8
graph	14792
shortest_paths	3112
visited	744
destinations	96
next_destinations	1352
path	28244288
__spec__	112
defaultdict	1000
CongestionGame	1056
Graph	1056
gamma	1680
FigureCanvasAgg	1056
agents	90192
agents_dict	281504
agents_list	225832
Environment	1184
31.030028
end	8
initial	8
graph	14792
shortest_paths	3112
visited	744
destinations	96
0.000130
initial_edges	6960
__spec__	112
defaultdict	1000
CongestionGame	1056
Graph	1056
gamma	1680
FigureCanvasAgg	1056
agents	90192
agents_dict	281504
agents_list	225832
Environment	1184
0.865906
end	8
initial	8
graph	14792
shortest_paths	3112
visited	744
destinations	96
next_destinations	1352
path	1043560
__spec__	112
defaultdict	1000
CongestionGame	1056
Graph	1056
gamma	1680
FigureCanvasAgg	1056
agents	90192
agents_dict	281504
agents_list	225832
Environment	1184
1.766920
end	8
initial	8
graph	14792
shortest_paths	3112
visited	744
destinations	96
next_destinations	1352
path	2115952
__spec__	112
defaultdict	1000
CongestionGame	1056
Graph	1056
gamma	1680
FigureCanvasAgg	1056
agents	90192
agents_dict	281504
agents_list	225832
Environment	1184
2.666986
end	8
initial	8
graph	14792
shortest_paths	3112
visited	744
destinations	96
next_destinations	1352
path	3012904
__spec__	112
defaultdict	1000
CongestionGame	1056
Graph	1056
gamma	1680
FigureCanvasAgg	1056
agents	90192
agents_dict	281504
agents_list	225832
Environment	1184
3.570112
end	8
initial	8
graph	14792
shortest_paths	3112
visited	744
destinations	96
next_destinations	1352
path	4290016
__spec__	112
defaultdict	1000
CongestionGame	1056
Graph	1056
gamma	1680
FigureCanvasAgg	1056
agents	90192
agents_dict	281504
agents_list	225832
Environment	1184
4.515507
end	8
initial	8
graph	14792
shortest_paths	3112
visited	744
destinations	96
next_destinations	1352
path	5429648
__spec__	112
defaultdict	1000
CongestionGame	1056
Graph	1056
gamma	1680
FigureCanvasAgg	1056
agents	90192
agents_dict	281504
agents_list	225832
Environment	1184
5.461418
end	8
initial	8
graph	14792
shortest_paths	3112
visited	744
destinations	96
next_destinations	1352
path	6108400
__spec__	112
defaultdict	1000
CongestionGame	1056
Graph	1056
gamma	1680
FigureCanvasAgg	1056
agents	90192
agents_dict	281504
agents_list	225832
Environment	1184
6.432596
end	8
initial	8
graph	14792
shortest_paths	3112
visited	744
destinations	96
next_destinations	1352
path	7731040
__spec__	112
defaultdict	1000
CongestionGame	1056
Graph	1056
gamma	1680
FigureCanvasAgg	1056
agents	90192
agents_dict	281504
agents_list	225832
Environment	1184
7.455280
end	8
initial	8
graph	14792
shortest_paths	3112
visited	744
destinations	96
next_destinations	1352
path	8697464
__spec__	112
defaultdict	1000
CongestionGame	1056
Graph	1056
gamma	1680
FigureCanvasAgg	1056
agents	90192
agents_dict	281504
agents_list	225832
Environment	1184
8.527482
end	8
initial	8
graph	14792
shortest_paths	3112
visited	744
destinations	96
next_destinations	1352
path	9784696
__spec__	112
defaultdict	1000
CongestionGame	1056
Graph	1056
gamma	1680
FigureCanvasAgg	1056
agents	90192
agents_dict	281504
agents_list	225832
Environment	1184
9.584007
end	8
initial	8
graph	14792
shortest_paths	3112
visited	744
destinations	96
next_destinations	1352
path	11007832
__spec__	112
defaultdict	1000
CongestionGame	1056
Graph	1056
gamma	1680
FigureCanvasAgg	1056
agents	90192
agents_dict	281504
agents_list	225832
Environment	1184
10.618251
end	8
initial	8
graph	14792
shortest_paths	3112
visited	744
destinations	96
next_destinations	1352
path	11007832
__spec__	112
defaultdict	1000
CongestionGame	1056
Graph	1056
gamma	1680
FigureCanvasAgg	1056
agents	90192
agents_dict	281504
agents_list	225832
Environment	1184
11.672755
end	8
initial	8
graph	14792
shortest_paths	3112
visited	744
destinations	96
next_destinations	1352
path	12383856
__spec__	112
defaultdict	1000
CongestionGame	1056
Graph	1056
gamma	1680
FigureCanvasAgg	1056
agents	90192
agents_dict	281504
agents_list	225832
Environment	1184
12.748106
end	8
initial	8
graph	14792
shortest_paths	3112
visited	744
destinations	96
next_destinations	1352
path	13931880
__spec__	112
defaultdict	1000
CongestionGame	1056
Graph	1056
gamma	1680
FigureCanvasAgg	1056
agents	90192
agents_dict	281504
agents_list	225832
Environment	1184
13.822283
end	8
initial	8
graph	14792
shortest_paths	3112
visited	744
destinations	96
next_destinations	1352
path	15673408
__spec__	112
defaultdict	1000
CongestionGame	1056
Graph	1056
gamma	1680
FigureCanvasAgg	1056
agents	90192
agents_dict	281504
agents_list	225832
Environment	1184
14.903461
end	8
initial	8
graph	14792
shortest_paths	3112
visited	744
destinations	96
next_destinations	1352
path	15673408
__spec__	112
defaultdict	1000
CongestionGame	1056
Graph	1056
gamma	1680
FigureCanvasAgg	1056
agents	90192
agents_dict	281504
agents_list	225832
Environment	1184
15.983865
end	8
initial	8
graph	14792
shortest_paths	3112
visited	744
destinations	96
next_destinations	1352
path	17632632
__spec__	112
defaultdict	1000
CongestionGame	1056
Graph	1056
gamma	1680
FigureCanvasAgg	1056
agents	90192
agents_dict	281504
agents_list	225832
Environment	1184
17.091185
end	8
initial	8
graph	14792
shortest_paths	3112
visited	744
destinations	96
next_destinations	1352
path	17632632
__spec__	112
defaultdict	1000
CongestionGame	1056
Graph	1056
gamma	1680
FigureCanvasAgg	1056
agents	90192
agents_dict	281504
agents_list	225832
Environment	1184
18.224830
end	8
initial	8
graph	14792
shortest_paths	3112
visited	744
destinations	96
next_destinations	1352
path	19836760
__spec__	112
defaultdict	1000
CongestionGame	1056
Graph	1056
gamma	1680
FigureCanvasAgg	1056
agents	90192
agents_dict	281504
agents_list	225832
Environment	1184
19.324865
end	8
initial	8
graph	14792
shortest_paths	3112
visited	744
destinations	96
next_destinations	1352
path	19836760
__spec__	112
defaultdict	1000
CongestionGame	1056
Graph	1056
gamma	1680
FigureCanvasAgg	1056
agents	90192
agents_dict	281504
agents_list	225832
Environment	1184
20.434974
end	8
initial	8
graph	14792
shortest_paths	3112
visited	744
destinations	96
next_destinations	1352
path	22316400
__spec__	112
defaultdict	1000
CongestionGame	1056
Graph	1056
gamma	1680
FigureCanvasAgg	1056
agents	90192
agents_dict	281504
agents_list	225832
Environment	1184
21.564952
end	8
initial	8
graph	14792
shortest_paths	3112
visited	744
destinations	96
next_destinations	1352
path	22316400
__spec__	112
defaultdict	1000
CongestionGame	1056
Graph	1056
gamma	1680
FigureCanvasAgg	1056
agents	90192
agents_dict	281504
agents_list	225832
Environment	1184
22.751688
end	8
initial	8
graph	14792
shortest_paths	3112
visited	744
destinations	96
next_destinations	1352
path	22316400
__spec__	112
defaultdict	1000
CongestionGame	1056
Graph	1056
gamma	1680
FigureCanvasAgg	1056
agents	90192
agents_dict	281504
agents_list	225832
Environment	1184
23.896313
end	8
initial	8
graph	14792
shortest_paths	3112
visited	744
destinations	96
next_destinations	1352
path	25105992
__spec__	112
defaultdict	1000
CongestionGame	1056
Graph	1056
gamma	1680
FigureCanvasAgg	1056
agents	90192
agents_dict	281504
agents_list	225832
Environment	1184
25.053664
end	8
initial	8
graph	14792
shortest_paths	3112
visited	744
destinations	96
next_destinations	1352
path	25105992
__spec__	112
defaultdict	1000
CongestionGame	1056
Graph	1056
gamma	1680
FigureCanvasAgg	1056
agents	90192
agents_dict	281504
agents_list	225832
Environment	1184
26.223974
end	8
initial	8
graph	14792
shortest_paths	3112
visited	744
destinations	96
next_destinations	1352
path	25105992
__spec__	112
defaultdict	1000
CongestionGame	1056
Graph	1056
gamma	1680
FigureCanvasAgg	1056
agents	90192
agents_dict	281504
agents_list	225832
Environment	1184
27.415781
end	8
initial	8
graph	14792
shortest_paths	3112
visited	744
destinations	96
next_destinations	1352
path	28244288
__spec__	112
defaultdict	1000
CongestionGame	1056
Graph	1056
gamma	1680
FigureCanvasAgg	1056
agents	90192
agents_dict	281504
agents_list	225832
Environment	1184
28.633570
end	8
initial	8
graph	14792
shortest_paths	3112
visited	744
destinations	96
next_destinations	1352
path	28244288
__spec__	112
defaultdict	1000
CongestionGame	1056
Graph	1056
gamma	1680
FigureCanvasAgg	1056
agents	90192
agents_dict	281504
agents_list	225832
Environment	1184
29.833532
end	8
initial	8
graph	14792
shortest_paths	3112
visited	744
destinations	96
next_destinations	1352
path	28244288
__spec__	112
defaultdict	1000
CongestionGame	1056
Graph	1056
gamma	1680
FigureCanvasAgg	1056
agents	90192
agents_dict	281504
agents_list	225832
Environment	1184
31.034153
end	8
initial	8
graph	14792
shortest_paths	3112
visited	744
destinations	96
0.000130
initial_edges	6960
__spec__	112
defaultdict	1000
CongestionGame	1056
Graph	1056
gamma	1680
FigureCanvasAgg	1056
agents	90192
agents_dict	281504
agents_list	225832
Environment	1184
0.857960
end	8
initial	8
graph	14792
shortest_paths	3112
visited	744
destinations	96
next_destinations	1352
path	1043560
__spec__	112
defaultdict	1000
CongestionGame	1056
Graph	1056
gamma	1680
FigureCanvasAgg	1056
agents	90192
agents_dict	281504
agents_list	225832
Environment	1184
1.753911
end	8
initial	8
graph	14792
shortest_paths	3112
visited	744
destinations	96
next_destinations	1352
path	2115952
__spec__	112
defaultdict	1000
CongestionGame	1056
Graph	1056
gamma	1680
FigureCanvasAgg	1056
agents	90192
agents_dict	281504
agents_list	225832
Environment	1184
2.661293
end	8
initial	8
graph	14792
shortest_paths	3112
visited	744
destinations	96
next_destinations	1352
path	3012904
__spec__	112
defaultdict	1000
CongestionGame	1056
Graph	1056
gamma	1680
FigureCanvasAgg	1056
agents	90192
agents_dict	281504
agents_list	225832
Environment	1184
3.572831
end	8
initial	8
graph	14792
shortest_paths	3112
visited	744
destinations	96
next_destinations	1352
path	4290016
__spec__	112
defaultdict	1000
CongestionGame	1056
Graph	1056
gamma	1680
FigureCanvasAgg	1056
agents	90192
agents_dict	281504
agents_list	225832
Environment	1184
4.503446
end	8
initial	8
graph	14792
shortest_paths	3112
visited	744
destinations	96
next_destinations	1352
path	5429648
__spec__	112
defaultdict	1000
CongestionGame	1056
Graph	1056
gamma	1680
FigureCanvasAgg	1056
agents	90192
agents_dict	281504
agents_list	225832
Environment	1184
5.463503
end	8
initial	8
graph	14792
shortest_paths	3112
visited	744
destinations	96
next_destinations	1352
path	6108400
__spec__	112
defaultdict	1000
CongestionGame	1056
Graph	1056
gamma	1680
FigureCanvasAgg	1056
agents	90192
agents_dict	281504
agents_list	225832
Environment	1184
6.439044
end	8
initial	8
graph	14792
shortest_paths	3112
visited	744
destinations	96
next_destinations	1352
path	7731040
__spec__	112
defaultdict	1000
CongestionGame	1056
Graph	1056
gamma	1680
FigureCanvasAgg	1056
agents	90192
agents_dict	281504
agents_list	225832
Environment	1184
7.463186
end	8
initial	8
graph	14792
shortest_paths	3112
visited	744
destinations	96
next_destinations	1352
path	8697464
__spec__	112
defaultdict	1000
CongestionGame	1056
Graph	1056
gamma	1680
FigureCanvasAgg	1056
agents	90192
agents_dict	281504
agents_list	225832
Environment	1184
8.518911
end	8
initial	8
graph	14792
shortest_paths	3112
visited	744
destinations	96
next_destinations	1352
path	9784696
__spec__	112
defaultdict	1000
CongestionGame	1056
Graph	1056
gamma	1680
FigureCanvasAgg	1056
agents	90192
agents_dict	281504
agents_list	225832
Environment	1184
9.567886
end	8
initial	8
graph	14792
shortest_paths	3112
visited	744
destinations	96
next_destinations	1352
path	11007832
__spec__	112
defaultdict	1000
CongestionGame	1056
Graph	1056
gamma	1680
FigureCanvasAgg	1056
agents	90192
agents_dict	281504
agents_list	225832
Environment	1184
10.621177
end	8
initial	8
graph	14792
shortest_paths	3112
visited	744
destinations	96
next_destinations	1352
path	11007832
__spec__	112
defaultdict	1000
CongestionGame	1056
Graph	1056
gamma	1680
FigureCanvasAgg	1056
agents	90192
agents_dict	281504
agents_list	225832
Environment	1184
11.682888
end	8
initial	8
graph	14792
shortest_paths	3112
visited	744
destinations	96
next_destinations	1352
path	12383856
__spec__	112
defaultdict	1000
CongestionGame	1056
Graph	1056
gamma	1680
FigureCanvasAgg	1056
agents	90192
agents_dict	281504
agents_list	225832
Environment	1184
12.764067
end	8
initial	8
graph	14792
shortest_paths	3112
visited	744
destinations	96
next_destinations	1352
path	13931880
__spec__	112
defaultdict	1000
CongestionGame	1056
Graph	1056
gamma	1680
FigureCanvasAgg	1056
agents	90192
agents_dict	281504
agents_list	225832
Environment	1184
13.866629
end	8
initial	8
graph	14792
shortest_paths	3112
visited	744
destinations	96
next_destinations	1352
path	15673408
__spec__	112
defaultdict	1000
CongestionGame	1056
Graph	1056
gamma	1680
FigureCanvasAgg	1056
agents	90192
agents_dict	281504
agents_list	225832
Environment	1184
14.976659
end	8
initial	8
graph	14792
shortest_paths	3112
visited	744
destinations	96
next_destinations	1352
path	15673408
__spec__	112
defaultdict	1000
CongestionGame	1056
Graph	1056
gamma	1680
FigureCanvasAgg	1056
agents	90192
agents_dict	281504
agents_list	225832
Environment	1184
16.060484
end	8
initial	8
graph	14792
shortest_paths	3112
visited	744
destinations	96
next_destinations	1352
path	17632632
__spec__	112
defaultdict	1000
CongestionGame	1056
Graph	1056
gamma	1680
FigureCanvasAgg	1056
agents	90192
agents_dict	281504
agents_list	225832
Environment	1184
17.162804
end	8
initial	8
graph	14792
shortest_paths	3112
visited	744
destinations	96
next_destinations	1352
path	17632632
__spec__	112
defaultdict	1000
CongestionGame	1056
Graph	1056
gamma	1680
FigureCanvasAgg	1056
agents	90192
agents_dict	281504
agents_list	225832
Environment	1184
18.297644
end	8
initial	8
graph	14792
shortest_paths	3112
visited	744
destinations	96
next_destinations	1352
path	19836760
__spec__	112
defaultdict	1000
CongestionGame	1056
Graph	1056
gamma	1680
FigureCanvasAgg	1056
agents	90192
agents_dict	281504
agents_list	225832
Environment	1184
19.413303
end	8
initial	8
graph	14792
shortest_paths	3112
visited	744
destinations	96
next_destinations	1352
path	19836760
__spec__	112
defaultdict	1000
CongestionGame	1056
Graph	1056
gamma	1680
FigureCanvasAgg	1056
agents	90192
agents_dict	281504
agents_list	225832
Environment	1184
20.532287
end	8
initial	8
graph	14792
shortest_paths	3112
visited	744
destinations	96
next_destinations	1352
path	22316400
__spec__	112
defaultdict	1000
CongestionGame	1056
Graph	1056
gamma	1680
FigureCanvasAgg	1056
agents	90192
agents_dict	281504
agents_list	225832
Environment	1184
21.638776
end	8
initial	8
graph	14792
shortest_paths	3112
visited	744
destinations	96
next_destinations	1352
path	22316400
__spec__	112
defaultdict	1000
CongestionGame	1056
Graph	1056
gamma	1680
FigureCanvasAgg	1056
agents	90192
agents_dict	281504
agents_list	225832
Environment	1184
22.809994
end	8
initial	8
graph	14792
shortest_paths	3112
visited	744
destinations	96
next_destinations	1352
path	22316400
__spec__	112
defaultdict	1000
CongestionGame	1056
Graph	1056
gamma	1680
FigureCanvasAgg	1056
agents	90192
agents_dict	281504
agents_list	225832
Environment	1184
23.926918
end	8
initial	8
graph	14792
shortest_paths	3112
visited	744
destinations	96
next_destinations	1352
path	25105992
__spec__	112
defaultdict	1000
CongestionGame	1056
Graph	1056
gamma	1680
FigureCanvasAgg	1056
agents	90192
agents_dict	281504
agents_list	225832
Environment	1184
25.083988
end	8
initial	8
graph	14792
shortest_paths	3112
visited	744
destinations	96
next_destinations	1352
path	25105992
__spec__	112
defaultdict	1000
CongestionGame	1056
Graph	1056
gamma	1680
FigureCanvasAgg	1056
agents	90192
agents_dict	281504
agents_list	225832
Environment	1184
26.275910
end	8
initial	8
graph	14792
shortest_paths	3112
visited	744
destinations	96
next_destinations	1352
path	25105992
__spec__	112
defaultdict	1000
CongestionGame	1056
Graph	1056
gamma	1680
FigureCanvasAgg	1056
agents	90192
agents_dict	281504
agents_list	225832
Environment	1184
27.471014
end	8
initial	8
graph	14792
shortest_paths	3112
visited	744
destinations	96
next_destinations	1352
path	28244288
__spec__	112
defaultdict	1000
CongestionGame	1056
Graph	1056
gamma	1680
FigureCanvasAgg	1056
agents	90192
agents_dict	281504
agents_list	225832
Environment	1184
28.692211
end	8
initial	8
graph	14792
shortest_paths	3112
visited	744
destinations	96
next_destinations	1352
path	28244288
__spec__	112
defaultdict	1000
CongestionGame	1056
Graph	1056
gamma	1680
FigureCanvasAgg	1056
agents	90192
agents_dict	281504
agents_list	225832
Environment	1184
29.860524
end	8
initial	8
graph	14792
shortest_paths	3112
visited	744
destinations	96
next_destinations	1352
path	28244288
__spec__	112
defaultdict	1000
CongestionGame	1056
Graph	1056
gamma	1680
FigureCanvasAgg	1056
agents	90192
agents_dict	281504
agents_list	225832
Environment	1184
31.060084
end	8
initial	8
graph	14792
shortest_paths	3112
visited	744
destinations	96
0.000130
initial_edges	6960
__spec__	112
defaultdict	1000
CongestionGame	1056
Graph	1056
gamma	1680
FigureCanvasAgg	1056
agents	90192
agents_dict	281504
agents_list	225832
Environment	1184
0.881306
end	8
initial	8
graph	14792
shortest_paths	3112
visited	744
destinations	96
next_destinations	1352
path	1043560
__spec__	112
defaultdict	1000
CongestionGame	1056
Graph	1056
gamma	1680
FigureCanvasAgg	1056
agents	90192
agents_dict	281504
agents_list	225832
Environment	1184
1.777217
end	8
initial	8
graph	14792
shortest_paths	3112
visited	744
destinations	96
next_destinations	1352
path	2115952
__spec__	112
defaultdict	1000
CongestionGame	1056
Graph	1056
gamma	1680
FigureCanvasAgg	1056
agents	90192
agents_dict	281504
agents_list	225832
Environment	1184
2.682944
end	8
initial	8
graph	14792
shortest_paths	3112
visited	744
destinations	96
next_destinations	1352
path	3012904
__spec__	112
defaultdict	1000
CongestionGame	1056
Graph	1056
gamma	1680
FigureCanvasAgg	1056
agents	90192
agents_dict	281504
agents_list	225832
Environment	1184
3.586507
end	8
initial	8
graph	14792
shortest_paths	3112
visited	744
destinations	96
next_destinations	1352
path	4290016
__spec__	112
defaultdict	1000
CongestionGame	1056
Graph	1056
gamma	1680
FigureCanvasAgg	1056
agents	90192
agents_dict	281504
agents_list	225832
Environment	1184
4.499966
end	8
initial	8
graph	14792
shortest_paths	3112
visited	744
destinations	96
next_destinations	1352
path	5429648
__spec__	112
defaultdict	1000
CongestionGame	1056
Graph	1056
gamma	1680
FigureCanvasAgg	1056
agents	90192
agents_dict	281504
agents_list	225832
Environment	1184
5.446184
end	8
initial	8
graph	14792
shortest_paths	3112
visited	744
destinations	96
next_destinations	1352
path	6108400
__spec__	112
defaultdict	1000
CongestionGame	1056
Graph	1056
gamma	1680
FigureCanvasAgg	1056
agents	90192
agents_dict	281504
agents_list	225832
Environment	1184
6.401338
end	8
initial	8
graph	14792
shortest_paths	3112
visited	744
destinations	96
next_destinations	1352
path	7731040
__spec__	112
defaultdict	1000
CongestionGame	1056
Graph	1056
gamma	1680
FigureCanvasAgg	1056
agents	90192
agents_dict	281504
agents_list	225832
Environment	1184
7.427506
end	8
initial	8
graph	14792
shortest_paths	3112
visited	744
destinations	96
next_destinations	1352
path	8697464
__spec__	112
defaultdict	1000
CongestionGame	1056
Graph	1056
gamma	1680
FigureCanvasAgg	1056
agents	90192
agents_dict	281504
agents_list	225832
Environment	1184
8.503936
end	8
initial	8
graph	14792
shortest_paths	3112
visited	744
destinations	96
next_destinations	1352
path	9784696
__spec__	112
defaultdict	1000
CongestionGame	1056
Graph	1056
gamma	1680
FigureCanvasAgg	1056
agents	90192
agents_dict	281504
agents_list	225832
Environment	1184
9.541473
end	8
initial	8
graph	14792
shortest_paths	3112
visited	744
destinations	96
next_destinations	1352
path	11007832
__spec__	112
defaultdict	1000
CongestionGame	1056
Graph	1056
gamma	1680
FigureCanvasAgg	1056
agents	90192
agents_dict	281504
agents_list	225832
Environment	1184
10.598249
end	8
initial	8
graph	14792
shortest_paths	3112
visited	744
destinations	96
next_destinations	1352
path	11007832
__spec__	112
defaultdict	1000
CongestionGame	1056
Graph	1056
gamma	1680
FigureCanvasAgg	1056
agents	90192
agents_dict	281504
agents_list	225832
Environment	1184
11.642082
end	8
initial	8
graph	14792
shortest_paths	3112
visited	744
destinations	96
next_destinations	1352
path	12383856
__spec__	112
defaultdict	1000
CongestionGame	1056
Graph	1056
gamma	1680
FigureCanvasAgg	1056
agents	90192
agents_dict	281504
agents_list	225832
Environment	1184
12.735503
end	8
initial	8
graph	14792
shortest_paths	3112
visited	744
destinations	96
next_destinations	1352
path	13931880
__spec__	112
defaultdict	1000
CongestionGame	1056
Graph	1056
gamma	1680
FigureCanvasAgg	1056
agents	90192
agents_dict	281504
agents_list	225832
Environment	1184
13.801904
end	8
initial	8
graph	14792
shortest_paths	3112
visited	744
destinations	96
next_destinations	1352
path	15673408
__spec__	112
defaultdict	1000
CongestionGame	1056
Graph	1056
gamma	1680
FigureCanvasAgg	1056
agents	90192
agents_dict	281504
agents_list	225832
Environment	1184
14.898839
end	8
initial	8
graph	14792
shortest_paths	3112
visited	744
destinations	96
next_destinations	1352
path	15673408
__spec__	112
defaultdict	1000
CongestionGame	1056
Graph	1056
gamma	1680
FigureCanvasAgg	1056
agents	90192
agents_dict	281504
agents_list	225832
Environment	1184
15.968738
end	8
initial	8
graph	14792
shortest_paths	3112
visited	744
destinations	96
next_destinations	1352
path	17632632
__spec__	112
defaultdict	1000
CongestionGame	1056
Graph	1056
gamma	1680
FigureCanvasAgg	1056
agents	90192
agents_dict	281504
agents_list	225832
Environment	1184
17.093350
end	8
initial	8
graph	14792
shortest_paths	3112
visited	744
destinations	96
next_destinations	1352
path	17632632
__spec__	112
defaultdict	1000
CongestionGame	1056
Graph	1056
gamma	1680
FigureCanvasAgg	1056
agents	90192
agents_dict	281504
agents_list	225832
Environment	1184
18.223695
end	8
initial	8
graph	14792
shortest_paths	3112
visited	744
destinations	96
next_destinations	1352
path	19836760
__spec__	112
defaultdict	1000
CongestionGame	1056
Graph	1056
gamma	1680
FigureCanvasAgg	1056
agents	90192
agents_dict	281504
agents_list	225832
Environment	1184
19.381839
end	8
initial	8
graph	14792
shortest_paths	3112
visited	744
destinations	96
next_destinations	1352
path	19836760
__spec__	112
defaultdict	1000
CongestionGame	1056
Graph	1056
gamma	1680
FigureCanvasAgg	1056
agents	90192
agents_dict	281504
agents_list	225832
Environment	1184
20.522830
end	8
initial	8
graph	14792
shortest_paths	3112
visited	744
destinations	96
next_destinations	1352
path	22316400
__spec__	112
defaultdict	1000
CongestionGame	1056
Graph	1056
gamma	1680
FigureCanvasAgg	1056
agents	90192
agents_dict	281504
agents_list	225832
Environment	1184
21.641858
end	8
initial	8
graph	14792
shortest_paths	3112
visited	744
destinations	96
next_destinations	1352
path	22316400
__spec__	112
defaultdict	1000
CongestionGame	1056
Graph	1056
gamma	1680
FigureCanvasAgg	1056
agents	90192
agents_dict	281504
agents_list	225832
Environment	1184
22.796103
end	8
initial	8
graph	14792
shortest_paths	3112
visited	744
destinations	96
next_destinations	1352
path	22316400
__spec__	112
defaultdict	1000
CongestionGame	1056
Graph	1056
gamma	1680
FigureCanvasAgg	1056
agents	90192
agents_dict	281504
agents_list	225832
Environment	1184
24.005882
end	8
initial	8
graph	14792
shortest_paths	3112
visited	744
destinations	96
next_destinations	1352
path	25105992
__spec__	112
defaultdict	1000
CongestionGame	1056
Graph	1056
gamma	1680
FigureCanvasAgg	1056
agents	90192
agents_dict	281504
agents_list	225832
Environment	1184
25.164485
end	8
initial	8
graph	14792
shortest_paths	3112
visited	744
destinations	96
next_destinations	1352
path	25105992
__spec__	112
defaultdict	1000
CongestionGame	1056
Graph	1056
gamma	1680
FigureCanvasAgg	1056
agents	90192
agents_dict	281504
agents_list	225832
Environment	1184
26.354663
end	8
initial	8
graph	14792
shortest_paths	3112
visited	744
destinations	96
next_destinations	1352
path	25105992
__spec__	112
defaultdict	1000
CongestionGame	1056
Graph	1056
gamma	1680
FigureCanvasAgg	1056
agents	90192
agents_dict	281504
agents_list	225832
Environment	1184
27.525372
end	8
initial	8
graph	14792
shortest_paths	3112
visited	744
destinations	96
next_destinations	1352
path	28244288
__spec__	112
defaultdict	1000
CongestionGame	1056
Graph	1056
gamma	1680
FigureCanvasAgg	1056
agents	90192
agents_dict	281504
agents_list	225832
Environment	1184
28.760150
end	8
initial	8
graph	14792
shortest_paths	3112
visited	744
destinations	96
next_destinations	1352
path	28244288
__spec__	112
defaultdict	1000
CongestionGame	1056
Graph	1056
gamma	1680
FigureCanvasAgg	1056
agents	90192
agents_dict	281504
agents_list	225832
Environment	1184
29.935357
end	8
initial	8
graph	14792
shortest_paths	3112
visited	744
destinations	96
next_destinations	1352
path	28244288
__spec__	112
defaultdict	1000
CongestionGame	1056
Graph	1056
gamma	1680
FigureCanvasAgg	1056
agents	90192
agents_dict	281504
agents_list	225832
Environment	1184
31.125399
end	8
initial	8
graph	14792
shortest_paths	3112
visited	744
destinations	96
0.000130
initial_edges	6960
__spec__	112
defaultdict	1000
CongestionGame	1056
Graph	1056
gamma	1680
FigureCanvasAgg	1056
agents	90192
agents_dict	281504
agents_list	225832
Environment	1184
0.869373
end	8
initial	8
graph	14792
shortest_paths	3112
visited	744
destinations	96
next_destinations	1352
path	1043560
__spec__	112
defaultdict	1000
CongestionGame	1056
Graph	1056
gamma	1680
FigureCanvasAgg	1056
agents	90192
agents_dict	281504
agents_list	225832
Environment	1184
1.783675
end	8
initial	8
graph	14792
shortest_paths	3112
visited	744
destinations	96
next_destinations	1352
path	2115952
__spec__	112
defaultdict	1000
CongestionGame	1056
Graph	1056
gamma	1680
FigureCanvasAgg	1056
agents	90192
agents_dict	281504
agents_list	225832
Environment	1184
2.692810
end	8
initial	8
graph	14792
shortest_paths	3112
visited	744
destinations	96
next_destinations	1352
path	3012904
__spec__	112
defaultdict	1000
CongestionGame	1056
Graph	1056
gamma	1680
FigureCanvasAgg	1056
agents	90192
agents_dict	281504
agents_list	225832
Environment	1184
3.595784
end	8
initial	8
graph	14792
shortest_paths	3112
visited	744
destinations	96
next_destinations	1352
path	4290016
__spec__	112
defaultdict	1000
CongestionGame	1056
Graph	1056
gamma	1680
FigureCanvasAgg	1056
agents	90192
agents_dict	281504
agents_list	225832
Environment	1184
4.531764
end	8
initial	8
graph	14792
shortest_paths	3112
visited	744
destinations	96
next_destinations	1352
path	5429648
__spec__	112
defaultdict	1000
CongestionGame	1056
Graph	1056
gamma	1680
FigureCanvasAgg	1056
agents	90192
agents_dict	281504
agents_list	225832
Environment	1184
5.474447
end	8
initial	8
graph	14792
shortest_paths	3112
visited	744
destinations	96
next_destinations	1352
path	6108400
__spec__	112
defaultdict	1000
CongestionGame	1056
Graph	1056
gamma	1680
FigureCanvasAgg	1056
agents	90192
agents_dict	281504
agents_list	225832
Environment	1184
6.423178
end	8
initial	8
graph	14792
shortest_paths	3112
visited	744
destinations	96
next_destinations	1352
path	7731040
__spec__	112
defaultdict	1000
CongestionGame	1056
Graph	1056
gamma	1680
FigureCanvasAgg	1056
agents	90192
agents_dict	281504
agents_list	225832
Environment	1184
7.462525
end	8
initial	8
graph	14792
shortest_paths	3112
visited	744
destinations	96
next_destinations	1352
path	8697464
__spec__	112
defaultdict	1000
CongestionGame	1056
Graph	1056
gamma	1680
FigureCanvasAgg	1056
agents	90192
agents_dict	281504
agents_list	225832
Environment	1184
8.531872
end	8
initial	8
graph	14792
shortest_paths	3112
visited	744
destinations	96
next_destinations	1352
path	9784696
__spec__	112
defaultdict	1000
CongestionGame	1056
Graph	1056
gamma	1680
FigureCanvasAgg	1056
agents	90192
agents_dict	281504
agents_list	225832
Environment	1184
9.594386
end	8
initial	8
graph	14792
shortest_paths	3112
visited	744
destinations	96
next_destinations	1352
path	11007832
__spec__	112
defaultdict	1000
CongestionGame	1056
Graph	1056
gamma	1680
FigureCanvasAgg	1056
agents	90192
agents_dict	281504
agents_list	225832
Environment	1184
10.626641
end	8
initial	8
graph	14792
shortest_paths	3112
visited	744
destinations	96
next_destinations	1352
path	11007832
__spec__	112
defaultdict	1000
CongestionGame	1056
Graph	1056
gamma	1680
FigureCanvasAgg	1056
agents	90192
agents_dict	281504
agents_list	225832
Environment	1184
11.687808
end	8
initial	8
graph	14792
shortest_paths	3112
visited	744
destinations	96
next_destinations	1352
path	12383856
__spec__	112
defaultdict	1000
CongestionGame	1056
Graph	1056
gamma	1680
FigureCanvasAgg	1056
agents	90192
agents_dict	281504
agents_list	225832
Environment	1184
12.784413
end	8
initial	8
graph	14792
shortest_paths	3112
visited	744
destinations	96
next_destinations	1352
path	13931880
__spec__	112
defaultdict	1000
CongestionGame	1056
Graph	1056
gamma	1680
FigureCanvasAgg	1056
agents	90192
agents_dict	281504
agents_list	225832
Environment	1184
13.868118
end	8
initial	8
graph	14792
shortest_paths	3112
visited	744
destinations	96
next_destinations	1352
path	15673408
__spec__	112
defaultdict	1000
CongestionGame	1056
Graph	1056
gamma	1680
FigureCanvasAgg	1056
agents	90192
agents_dict	281504
agents_list	225832
Environment	1184
14.967722
end	8
initial	8
graph	14792
shortest_paths	3112
visited	744
destinations	96
next_destinations	1352
path	15673408
__spec__	112
defaultdict	1000
CongestionGame	1056
Graph	1056
gamma	1680
FigureCanvasAgg	1056
agents	90192
agents_dict	281504
agents_list	225832
Environment	1184
16.050333
end	8
initial	8
graph	14792
shortest_paths	3112
visited	744
destinations	96
next_destinations	1352
path	17632632
__spec__	112
defaultdict	1000
CongestionGame	1056
Graph	1056
gamma	1680
FigureCanvasAgg	1056
agents	90192
agents_dict	281504
agents_list	225832
Environment	1184
17.175125
end	8
initial	8
graph	14792
shortest_paths	3112
visited	744
destinations	96
next_destinations	1352
path	17632632
__spec__	112
defaultdict	1000
CongestionGame	1056
Graph	1056
gamma	1680
FigureCanvasAgg	1056
agents	90192
agents_dict	281504
agents_list	225832
Environment	1184
18.290788
end	8
initial	8
graph	14792
shortest_paths	3112
visited	744
destinations	96
next_destinations	1352
path	19836760
__spec__	112
defaultdict	1000
CongestionGame	1056
Graph	1056
gamma	1680
FigureCanvasAgg	1056
agents	90192
agents_dict	281504
agents_list	225832
Environment	1184
19.419094
end	8
initial	8
graph	14792
shortest_paths	3112
visited	744
destinations	96
next_destinations	1352
path	19836760
__spec__	112
defaultdict	1000
CongestionGame	1056
Graph	1056
gamma	1680
FigureCanvasAgg	1056
agents	90192
agents_dict	281504
agents_list	225832
Environment	1184
20.540716
end	8
initial	8
graph	14792
shortest_paths	3112
visited	744
destinations	96
next_destinations	1352
path	22316400
__spec__	112
defaultdict	1000
CongestionGame	1056
Graph	1056
gamma	1680
FigureCanvasAgg	1056
agents	90192
agents_dict	281504
agents_list	225832
Environment	1184
21.681104
end	8
initial	8
graph	14792
shortest_paths	3112
visited	744
destinations	96
next_destinations	1352
path	22316400
__spec__	112
defaultdict	1000
CongestionGame	1056
Graph	1056
gamma	1680
FigureCanvasAgg	1056
agents	90192
agents_dict	281504
agents_list	225832
Environment	1184
22.841296
end	8
initial	8
graph	14792
shortest_paths	3112
visited	744
destinations	96
next_destinations	1352
path	22316400
__spec__	112
defaultdict	1000
CongestionGame	1056
Graph	1056
gamma	1680
FigureCanvasAgg	1056
agents	90192
agents_dict	281504
agents_list	225832
Environment	1184
23.965719
end	8
initial	8
graph	14792
shortest_paths	3112
visited	744
destinations	96
next_destinations	1352
path	25105992
__spec__	112
defaultdict	1000
CongestionGame	1056
Graph	1056
gamma	1680
FigureCanvasAgg	1056
agents	90192
agents_dict	281504
agents_list	225832
Environment	1184
25.138532
end	8
initial	8
graph	14792
shortest_paths	3112
visited	744
destinations	96
next_destinations	1352
path	25105992
__spec__	112
defaultdict	1000
CongestionGame	1056
Graph	1056
gamma	1680
FigureCanvasAgg	1056
agents	90192
agents_dict	281504
agents_list	225832
Environment	1184
26.341161
end	8
initial	8
graph	14792
shortest_paths	3112
visited	744
destinations	96
next_destinations	1352
path	25105992
__spec__	112
defaultdict	1000
CongestionGame	1056
Graph	1056
gamma	1680
FigureCanvasAgg	1056
agents	90192
agents_dict	281504
agents_list	225832
Environment	1184
27.542910
end	8
initial	8
graph	14792
shortest_paths	3112
visited	744
destinations	96
next_destinations	1352
path	28244288
__spec__	112
defaultdict	1000
CongestionGame	1056
Graph	1056
gamma	1680
FigureCanvasAgg	1056
agents	90192
agents_dict	281504
agents_list	225832
Environment	1184
28.788929
end	8
initial	8
graph	14792
shortest_paths	3112
visited	744
destinations	96
next_destinations	1352
path	28244288
__spec__	112
defaultdict	1000
CongestionGame	1056
Graph	1056
gamma	1680
FigureCanvasAgg	1056
agents	90192
agents_dict	281504
agents_list	225832
Environment	1184
29.945450
end	8
initial	8
graph	14792
shortest_paths	3112
visited	744
destinations	96
next_destinations	1352
path	28244288
__spec__	112
defaultdict	1000
CongestionGame	1056
Graph	1056
gamma	1680
FigureCanvasAgg	1056
agents	90192
agents_dict	281504
agents_list	225832
Environment	1184
31.142353
end	8
initial	8
graph	14792
shortest_paths	3112
visited	744
destinations	96
0.000130
initial_edges	6960
__spec__	112
defaultdict	1000
CongestionGame	1056
Graph	1056
gamma	1680
FigureCanvasAgg	1056
agents	90192
agents_dict	281504
agents_list	225832
Environment	1184
0.872314
end	8
initial	8
graph	14792
shortest_paths	3112
visited	744
destinations	96
next_destinations	1352
path	1043560
__spec__	112
defaultdict	1000
CongestionGame	1056
Graph	1056
gamma	1680
FigureCanvasAgg	1056
agents	90192
agents_dict	281504
agents_list	225832
Environment	1184
1.766913
end	8
initial	8
graph	14792
shortest_paths	3112
visited	744
destinations	96
next_destinations	1352
path	2115952
__spec__	112
defaultdict	1000
CongestionGame	1056
Graph	1056
gamma	1680
FigureCanvasAgg	1056
agents	90192
agents_dict	281504
agents_list	225832
Environment	1184
2.666909
end	8
initial	8
graph	14792
shortest_paths	3112
visited	744
destinations	96
next_destinations	1352
path	3012904
__spec__	112
defaultdict	1000
CongestionGame	1056
Graph	1056
gamma	1680
FigureCanvasAgg	1056
agents	90192
agents_dict	281504
agents_list	225832
Environment	1184
3.620483
end	8
initial	8
graph	14792
shortest_paths	3112
visited	744
destinations	96
next_destinations	1352
path	4290016
__spec__	112
defaultdict	1000
CongestionGame	1056
Graph	1056
gamma	1680
FigureCanvasAgg	1056
agents	90192
agents_dict	281504
agents_list	225832
Environment	1184
4.564093
end	8
initial	8
graph	14792
shortest_paths	3112
visited	744
destinations	96
next_destinations	1352
path	5429648
__spec__	112
defaultdict	1000
CongestionGame	1056
Graph	1056
gamma	1680
FigureCanvasAgg	1056
agents	90192
agents_dict	281504
agents_list	225832
Environment	1184
5.508761
end	8
initial	8
graph	14792
shortest_paths	3112
visited	744
destinations	96
next_destinations	1352
path	6108400
__spec__	112
defaultdict	1000
CongestionGame	1056
Graph	1056
gamma	1680
FigureCanvasAgg	1056
agents	90192
agents_dict	281504
agents_list	225832
Environment	1184
6.442903
end	8
initial	8
graph	14792
shortest_paths	3112
visited	744
destinations	96
next_destinations	1352
path	7731040
__spec__	112
defaultdict	1000
CongestionGame	1056
Graph	1056
gamma	1680
FigureCanvasAgg	1056
agents	90192
agents_dict	281504
agents_list	225832
Environment	1184
7.474702
end	8
initial	8
graph	14792
shortest_paths	3112
visited	744
destinations	96
next_destinations	1352
path	8697464
__spec__	112
defaultdict	1000
CongestionGame	1056
Graph	1056
gamma	1680
FigureCanvasAgg	1056
agents	90192
agents_dict	281504
agents_list	225832
Environment	1184
8.547262
end	8
initial	8
graph	14792
shortest_paths	3112
visited	744
destinations	96
next_destinations	1352
path	9784696
__spec__	112
defaultdict	1000
CongestionGame	1056
Graph	1056
gamma	1680
FigureCanvasAgg	1056
agents	90192
agents_dict	281504
agents_list	225832
Environment	1184
9.586077
end	8
initial	8
graph	14792
shortest_paths	3112
visited	744
destinations	96
next_destinations	1352
path	11007832
__spec__	112
defaultdict	1000
CongestionGame	1056
Graph	1056
gamma	1680
FigureCanvasAgg	1056
agents	90192
agents_dict	281504
agents_list	225832
Environment	1184
10.627517
end	8
initial	8
graph	14792
shortest_paths	3112
visited	744
destinations	96
next_destinations	1352
path	11007832
__spec__	112
defaultdict	1000
CongestionGame	1056
Graph	1056
gamma	1680
FigureCanvasAgg	1056
agents	90192
agents_dict	281504
agents_list	225832
Environment	1184
11.669499
end	8
initial	8
graph	14792
shortest_paths	3112
visited	744
destinations	96
next_destinations	1352
path	12383856
__spec__	112
defaultdict	1000
CongestionGame	1056
Graph	1056
gamma	1680
FigureCanvasAgg	1056
agents	90192
agents_dict	281504
agents_list	225832
Environment	1184
12.783097
end	8
initial	8
graph	14792
shortest_paths	3112
visited	744
destinations	96
next_destinations	1352
path	13931880
__spec__	112
defaultdict	1000
CongestionGame	1056
Graph	1056
gamma	1680
FigureCanvasAgg	1056
agents	90192
agents_dict	281504
agents_list	225832
Environment	1184
13.893512
end	8
initial	8
graph	14792
shortest_paths	3112
visited	744
destinations	96
next_destinations	1352
path	15673408
__spec__	112
defaultdict	1000
CongestionGame	1056
Graph	1056
gamma	1680
FigureCanvasAgg	1056
agents	90192
agents_dict	281504
agents_list	225832
Environment	1184
14.980886
end	8
initial	8
graph	14792
shortest_paths	3112
visited	744
destinations	96
next_destinations	1352
path	15673408
__spec__	112
defaultdict	1000
CongestionGame	1056
Graph	1056
gamma	1680
FigureCanvasAgg	1056
agents	90192
agents_dict	281504
agents_list	225832
Environment	1184
16.055524
end	8
initial	8
graph	14792
shortest_paths	3112
visited	744
destinations	96
next_destinations	1352
path	17632632
__spec__	112
defaultdict	1000
CongestionGame	1056
Graph	1056
gamma	1680
FigureCanvasAgg	1056
agents	90192
agents_dict	281504
agents_list	225832
Environment	1184
17.187941
end	8
initial	8
graph	14792
shortest_paths	3112
visited	744
destinations	96
next_destinations	1352
path	17632632
__spec__	112
defaultdict	1000
CongestionGame	1056
Graph	1056
gamma	1680
FigureCanvasAgg	1056
agents	90192
agents_dict	281504
agents_list	225832
Environment	1184
18.341503
end	8
initial	8
graph	14792
shortest_paths	3112
visited	744
destinations	96
next_destinations	1352
path	19836760
__spec__	112
defaultdict	1000
CongestionGame	1056
Graph	1056
gamma	1680
FigureCanvasAgg	1056
agents	90192
agents_dict	281504
agents_list	225832
Environment	1184
19.438442
end	8
initial	8
graph	14792
shortest_paths	3112
visited	744
destinations	96
next_destinations	1352
path	19836760
__spec__	112
defaultdict	1000
CongestionGame	1056
Graph	1056
gamma	1680
FigureCanvasAgg	1056
agents	90192
agents_dict	281504
agents_list	225832
Environment	1184
20.572751
end	8
initial	8
graph	14792
shortest_paths	3112
visited	744
destinations	96
next_destinations	1352
path	22316400
__spec__	112
defaultdict	1000
CongestionGame	1056
Graph	1056
gamma	1680
FigureCanvasAgg	1056
agents	90192
agents_dict	281504
agents_list	225832
Environment	1184
21.702404
end	8
initial	8
graph	14792
shortest_paths	3112
visited	744
destinations	96
next_destinations	1352
path	22316400
__spec__	112
defaultdict	1000
CongestionGame	1056
Graph	1056
gamma	1680
FigureCanvasAgg	1056
agents	90192
agents_dict	281504
agents_list	225832
Environment	1184
22.880024
end	8
initial	8
graph	14792
shortest_paths	3112
visited	744
destinations	96
next_destinations	1352
path	22316400
__spec__	112
defaultdict	1000
CongestionGame	1056
Graph	1056
gamma	1680
FigureCanvasAgg	1056
agents	90192
agents_dict	281504
agents_list	225832
Environment	1184
23.987527
end	8
initial	8
graph	14792
shortest_paths	3112
visited	744
destinations	96
next_destinations	1352
path	25105992
__spec__	112
defaultdict	1000
CongestionGame	1056
Graph	1056
gamma	1680
FigureCanvasAgg	1056
agents	90192
agents_dict	281504
agents_list	225832
Environment	1184
25.143597
end	8
initial	8
graph	14792
shortest_paths	3112
visited	744
destinations	96
next_destinations	1352
path	25105992
__spec__	112
defaultdict	1000
CongestionGame	1056
Graph	1056
gamma	1680
FigureCanvasAgg	1056
agents	90192
agents_dict	281504
agents_list	225832
Environment	1184
26.328884
end	8
initial	8
graph	14792
shortest_paths	3112
visited	744
destinations	96
next_destinations	1352
path	25105992
__spec__	112
defaultdict	1000
CongestionGame	1056
Graph	1056
gamma	1680
FigureCanvasAgg	1056
agents	90192
agents_dict	281504
agents_list	225832
Environment	1184
27.526052
end	8
initial	8
graph	14792
shortest_paths	3112
visited	744
destinations	96
next_destinations	1352
path	28244288
__spec__	112
defaultdict	1000
CongestionGame	1056
Graph	1056
gamma	1680
FigureCanvasAgg	1056
agents	90192
agents_dict	281504
agents_list	225832
Environment	1184
28.780212
end	8
initial	8
graph	14792
shortest_paths	3112
visited	744
destinations	96
next_destinations	1352
path	28244288
__spec__	112
defaultdict	1000
CongestionGame	1056
Graph	1056
gamma	1680
FigureCanvasAgg	1056
agents	90192
agents_dict	281504
agents_list	225832
Environment	1184
29.948619
end	8
initial	8
graph	14792
shortest_paths	3112
visited	744
destinations	96
next_destinations	1352
path	28244288
__spec__	112
defaultdict	1000
CongestionGame	1056
Graph	1056
gamma	1680
FigureCanvasAgg	1056
agents	90192
agents_dict	281504
agents_list	225832
Environment	1184
31.147196
end	8
initial	8
graph	14792
shortest_paths	3112
visited	744
destinations	96
